{"level":"info","message":"Express server is running on port 3000","timestamp":"2021-12-03 07:16:49 PM +0200"}
{"level":"info","message":"DB connected","timestamp":"2021-12-03 07:16:50 PM +0200"}
{"level":"info","message":"Sucsess Geting AUTHKEY Methode Request!:POST /","timestamp":"2021-12-03 07:16:51 PM +0200"}
{"level":"info","message":"authentication success","timestamp":"2021-12-03 07:16:59 PM +0200"}
{"level":"info","message":"Get all flights","timestamp":"2021-12-03 07:16:59 PM +0200"}
{"level":"info","message":"Success to Get all flights","timestamp":"2021-12-03 07:16:59 PM +0200"}
{"level":"info","message":"Express server is running on port 3000","timestamp":"2021-12-15 05:28:57 PM +0200"}
{"level":"info","message":"Express server is running on port 3000","timestamp":"2021-12-15 05:30:03 PM +0200"}
{"level":"info","message":"Express server is running on port 3000","timestamp":"2021-12-15 05:31:28 PM +0200"}
{"level":"info","message":"DB connected","timestamp":"2021-12-15 05:31:29 PM +0200"}
{"level":"info","message":"Express server is running on port 3000","timestamp":"2021-12-20 07:35:26 PM +0200"}
{"level":"info","message":"DB connected","timestamp":"2021-12-20 07:35:27 PM +0200"}
{"level":"info","message":"Express server is running on port 3000","timestamp":"2021-12-21 10:52:47 AM +0200"}
{"level":"info","message":"DB connected","timestamp":"2021-12-21 10:52:48 AM +0200"}
{"level":"info","message":"Get item id:61c1952948d869e223c541b9\n","timestamp":"2021-12-21 10:53:54 AM +0200"}
{"level":"info","message":"Get item id:61c1952948d869e223c541b9\n","timestamp":"2021-12-21 10:54:34 AM +0200"}
{"level":"info","message":"Get item id:\n","timestamp":"2021-12-21 10:55:24 AM +0200"}
{"level":"info","message":"Get item id:\n","timestamp":"2021-12-21 10:56:34 AM +0200"}
{"level":"info","message":"Express server is running on port 3000","timestamp":"2021-12-21 10:57:26 AM +0200"}
{"level":"info","message":"DB connected","timestamp":"2021-12-21 10:57:27 AM +0200"}
{"level":"info","message":"Get item id:\n","timestamp":"2021-12-21 10:57:43 AM +0200"}
{"level":"info","message":"Get all Items ","timestamp":"2021-12-21 10:58:46 AM +0200"}
{"level":"info","message":"Success to Get all Items","timestamp":"2021-12-21 10:58:46 AM +0200"}
{"level":"info","message":"Get item id:61c1952948d869e223c541b9","timestamp":"2021-12-21 10:58:57 AM +0200"}
{"level":"info","message":"Express server is running on port 3000","timestamp":"2021-12-21 11:00:01 AM +0200"}
{"level":"info","message":"DB connected","timestamp":"2021-12-21 11:00:02 AM +0200"}
{"level":"info","message":"Updating a item","timestamp":"2021-12-21 11:00:06 AM +0200"}
{"level":"info","message":"Updating item no:61c1952948d869e223c541b9 is successfully","timestamp":"2021-12-21 11:00:06 AM +0200"}
{"level":"info","message":"Express server is running on port 3000","timestamp":"2021-12-21 11:00:24 AM +0200"}
{"level":"info","message":"DB connected","timestamp":"2021-12-21 11:00:25 AM +0200"}
{"level":"info","message":"Get all Items ","timestamp":"2021-12-21 11:00:33 AM +0200"}
{"level":"info","message":"Success to Get all Items","timestamp":"2021-12-21 11:00:33 AM +0200"}
{"level":"info","message":"Express server is running on port 3000","timestamp":"2022-02-13 05:04:03 PM +0200"}
{"level":"info","message":"Express server is running on port 3000","timestamp":"2022-02-13 05:04:12 PM +0200"}
{"level":"info","message":"Express server is running on port 3000","timestamp":"2022-02-13 05:04:37 PM +0200"}
{"level":"info","message":"Express server is running on port 3000","timestamp":"2022-02-13 05:05:14 PM +0200"}
{"level":"info","message":"Express server is running on port 8000","timestamp":"2022-02-13 05:05:41 PM +0200"}
{"level":"info","message":"Express server is running on port 8000","timestamp":"2022-02-13 05:07:26 PM +0200"}
{"level":"info","message":"Express server is running on port 8000","timestamp":"2022-02-13 05:08:12 PM +0200"}
{"level":"info","message":"DB connected","timestamp":"2022-02-13 05:08:13 PM +0200"}
{"level":"info","message":"Express server is running on port 8000","timestamp":"2022-02-13 05:13:42 PM +0200"}
{"level":"info","message":"DB connected","timestamp":"2022-02-13 05:13:43 PM +0200"}
{"level":"info","message":"Express server is running on port 8000","timestamp":"2022-02-13 05:14:31 PM +0200"}
{"level":"info","message":"DB connected","timestamp":"2022-02-13 05:14:32 PM +0200"}
{"level":"info","message":"Express server is running on port 8000","timestamp":"2022-02-13 05:17:37 PM +0200"}
{"level":"info","message":"DB connected","timestamp":"2022-02-13 05:17:38 PM +0200"}
{"level":"info","message":"Express server is running on port 8000","timestamp":"2022-02-13 05:29:13 PM +0200"}
{"level":"info","message":"DB connected","timestamp":"2022-02-13 05:29:14 PM +0200"}
{"level":"info","message":"Express server is running on port 8000","timestamp":"2022-02-13 05:32:03 PM +0200"}
{"level":"info","message":"DB connected","timestamp":"2022-02-13 05:32:04 PM +0200"}
{"level":"info","message":"Express server is running on port 8000","timestamp":"2022-02-13 05:33:03 PM +0200"}
{"level":"info","message":"DB connected","timestamp":"2022-02-13 05:33:05 PM +0200"}
{"level":"info","message":"Express server is running on port 8000","timestamp":"2022-02-13 05:48:20 PM +0200"}
{"level":"info","message":"DB connected","timestamp":"2022-02-13 05:48:22 PM +0200"}
{"level":"info","message":"Express server is running on port 8000","timestamp":"2022-02-13 09:40:30 PM +0200"}
{"level":"info","message":"Express server is running on port 8000","timestamp":"2022-02-13 09:40:54 PM +0200"}
{"level":"info","message":"Express server is running on port 8000","timestamp":"2022-02-13 09:41:04 PM +0200"}
{"level":"info","message":"DB connected","timestamp":"2022-02-13 09:41:06 PM +0200"}
{"level":"info","message":"Express server is running on port 8000","timestamp":"2022-02-13 10:16:08 PM +0200"}
{"level":"info","message":"DB connected","timestamp":"2022-02-13 10:16:09 PM +0200"}
{"level":"info","message":"Express server is running on port 8000","timestamp":"2022-02-13 10:19:41 PM +0200"}
{"level":"info","message":"DB connected","timestamp":"2022-02-13 10:19:42 PM +0200"}
{"level":"info","message":"Express server is running on port 8000","timestamp":"2022-02-13 10:21:18 PM +0200"}
{"level":"info","message":"DB connected","timestamp":"2022-02-13 10:21:20 PM +0200"}
{"level":"info","message":"Express server is running on port 8000","timestamp":"2022-02-13 10:21:25 PM +0200"}
{"level":"info","message":"DB connected","timestamp":"2022-02-13 10:21:26 PM +0200"}
{"level":"info","message":"Express server is running on port 8000","timestamp":"2022-02-13 10:21:32 PM +0200"}
{"level":"info","message":"DB connected","timestamp":"2022-02-13 10:21:33 PM +0200"}
{"level":"info","message":"Express server is running on port 8000","timestamp":"2022-02-13 10:21:36 PM +0200"}
{"level":"info","message":"DB connected","timestamp":"2022-02-13 10:21:37 PM +0200"}
{"level":"info","message":"Express server is running on port 8000","timestamp":"2022-02-13 10:22:18 PM +0200"}
{"level":"info","message":"DB connected","timestamp":"2022-02-13 10:22:19 PM +0200"}
{"level":"info","message":"Express server is running on port 8000","timestamp":"2022-02-13 10:22:28 PM +0200"}
{"level":"info","message":"DB connected","timestamp":"2022-02-13 10:22:29 PM +0200"}
{"level":"info","message":"Express server is running on port 8000","timestamp":"2022-02-13 10:22:33 PM +0200"}
{"level":"info","message":"DB connected","timestamp":"2022-02-13 10:22:34 PM +0200"}
{"level":"info","message":"Express server is running on port 8000","timestamp":"2022-02-13 10:22:47 PM +0200"}
{"level":"info","message":"DB connected","timestamp":"2022-02-13 10:22:48 PM +0200"}
{"level":"info","message":"Express server is running on port 8000","timestamp":"2022-02-13 10:23:07 PM +0200"}
{"level":"info","message":"DB connected","timestamp":"2022-02-13 10:23:08 PM +0200"}
{"level":"info","message":"Express server is running on port 8000","timestamp":"2022-02-13 10:24:28 PM +0200"}
{"level":"info","message":"DB connected","timestamp":"2022-02-13 10:24:29 PM +0200"}
{"level":"info","message":"Express server is running on port 8000","timestamp":"2022-02-13 10:25:20 PM +0200"}
{"level":"info","message":"DB connected","timestamp":"2022-02-13 10:25:21 PM +0200"}
{"level":"info","message":"Express server is running on port 8000","timestamp":"2022-02-14 01:20:40 AM +0200"}
{"level":"info","message":"DB connected","timestamp":"2022-02-14 01:20:42 AM +0200"}
{"level":"info","message":"Express server is running on port 8000","timestamp":"2022-02-14 01:21:31 AM +0200"}
{"level":"info","message":"DB connected","timestamp":"2022-02-14 01:21:32 AM +0200"}
{"level":"info","message":"Express server is running on port 8000","timestamp":"2022-02-14 01:21:52 AM +0200"}
{"level":"info","message":"DB connected","timestamp":"2022-02-14 01:21:53 AM +0200"}
{"level":"info","message":"Express server is running on port 8000","timestamp":"2022-02-14 01:22:44 AM +0200"}
{"level":"info","message":"Express server is running on port 8000","timestamp":"2022-02-14 01:22:45 AM +0200"}
{"level":"info","message":"DB connected","timestamp":"2022-02-14 01:22:46 AM +0200"}
{"level":"info","message":"Express server is running on port 8000","timestamp":"2022-02-14 01:23:17 AM +0200"}
{"level":"info","message":"DB connected","timestamp":"2022-02-14 01:23:18 AM +0200"}
{"level":"info","message":"Express server is running on port 8000","timestamp":"2022-02-14 01:23:58 AM +0200"}
{"level":"info","message":"DB connected","timestamp":"2022-02-14 01:23:59 AM +0200"}
{"level":"info","message":"Get all RecycleBins","timestamp":"2022-02-14 01:24:00 AM +0200"}
{"level":"info","message":"Success to Get all recycleBins","timestamp":"2022-02-14 01:24:00 AM +0200"}
{"level":"info","message":"Express server is running on port 8000","timestamp":"2022-02-14 02:22:43 AM +0200"}
{"level":"info","message":"DB connected","timestamp":"2022-02-14 02:22:45 AM +0200"}
{"level":"info","message":"Add Activity to user 620963816f1cdb5a6f1bda60","timestamp":"2022-02-14 02:22:49 AM +0200"}
{"level":"info","message":"Updating user's activities no:620963816f1cdb5a6f1bda60 is successfully","timestamp":"2022-02-14 02:22:49 AM +0200"}
{"level":"info","message":"Express server is running on port 8000","timestamp":"2022-02-14 02:23:28 AM +0200"}
{"level":"info","message":"DB connected","timestamp":"2022-02-14 02:23:28 AM +0200"}
{"level":"info","message":"Add Activity to user 620963816f1cdb5a6f1bda60","timestamp":"2022-02-14 02:23:29 AM +0200"}
{"level":"info","message":"Updating user's activities no:620963816f1cdb5a6f1bda60 is successfully","timestamp":"2022-02-14 02:23:29 AM +0200"}
{"level":"info","message":"Express server is running on port 8000","timestamp":"2022-02-14 02:23:43 AM +0200"}
{"level":"info","message":"DB connected","timestamp":"2022-02-14 02:23:45 AM +0200"}
{"level":"info","message":"Add Activity to user 620963816f1cdb5a6f1bda60","timestamp":"2022-02-14 02:23:50 AM +0200"}
{"level":"info","message":"Updating user's activities no:620963816f1cdb5a6f1bda60 is successfully","timestamp":"2022-02-14 02:23:50 AM +0200"}
{"level":"info","message":"Express server is running on port 8000","timestamp":"2022-02-14 02:26:27 AM +0200"}
{"level":"info","message":"DB connected","timestamp":"2022-02-14 02:26:29 AM +0200"}
{"level":"info","message":"Add Activity to user 62097ece0ec23407e151b148","timestamp":"2022-02-14 02:35:25 AM +0200"}
{"level":"info","message":"Updating user's activities no:62097ece0ec23407e151b148 is successfully","timestamp":"2022-02-14 02:35:25 AM +0200"}
{"level":"info","message":"Add Activity to user 62097ece0ec23407e151b148","timestamp":"2022-02-14 02:36:51 AM +0200"}
{"level":"info","message":"Updating user's activities no:62097ece0ec23407e151b148 is successfully","timestamp":"2022-02-14 02:36:51 AM +0200"}
{"level":"info","message":"Express server is running on port 8000","timestamp":"2022-02-14 02:39:07 AM +0200"}
{"level":"info","message":"DB connected","timestamp":"2022-02-14 02:39:08 AM +0200"}
{"level":"info","message":"Express server is running on port 8000","timestamp":"2022-02-14 02:39:36 PM +0200"}
{"level":"info","message":"Express server is running on port 8000","timestamp":"2022-02-14 02:39:45 PM +0200"}
{"level":"info","message":"DB connected","timestamp":"2022-02-14 02:39:47 PM +0200"}
{"level":"info","message":"Express server is running on port 8000","timestamp":"2022-02-14 02:40:57 PM +0200"}
{"level":"info","message":"DB connected","timestamp":"2022-02-14 02:40:59 PM +0200"}
{"level":"info","message":"Add Activity to user 620963816f1cdb5a6f1bda60","timestamp":"2022-02-14 02:41:47 PM +0200"}
{"level":"info","message":"Updating user's activities no:620963816f1cdb5a6f1bda60 is successfully","timestamp":"2022-02-14 02:41:47 PM +0200"}
{"level":"info","message":"Get User id:620963816f1cdb5a6f1bda60","timestamp":"2022-02-14 02:41:47 PM +0200"}
{"level":"info","message":"Express server is running on port 8000","timestamp":"2022-02-14 02:42:43 PM +0200"}
{"level":"info","message":"DB connected","timestamp":"2022-02-14 02:42:44 PM +0200"}
{"level":"info","message":"Express server is running on port 8000","timestamp":"2022-02-14 02:42:58 PM +0200"}
{"level":"info","message":"DB connected","timestamp":"2022-02-14 02:42:59 PM +0200"}
{"level":"info","message":"Add Activity to user 620963816f1cdb5a6f1bda60","timestamp":"2022-02-14 02:43:17 PM +0200"}
{"level":"info","message":"Get recycleBin id:61c187a6ab8730e3df7a3348","timestamp":"2022-02-14 02:43:17 PM +0200"}
{"level":"info","message":"Increase current capacity a recycleBin","timestamp":"2022-02-14 02:43:17 PM +0200"}
{"level":"info","message":"Updating user's activities no:620963816f1cdb5a6f1bda60 is successfully","timestamp":"2022-02-14 02:43:17 PM +0200"}
{"level":"info","message":"Get User id:620963816f1cdb5a6f1bda60","timestamp":"2022-02-14 02:43:17 PM +0200"}
{"level":"info","message":"Updating RecycleBin no:61c187a6ab8730e3df7a3348 is successfully","timestamp":"2022-02-14 02:43:17 PM +0200"}
{"level":"info","message":"Get all Coupons","timestamp":"2022-02-14 02:48:34 PM +0200"}
{"level":"info","message":"Success to Get all coupons","timestamp":"2022-02-14 02:48:34 PM +0200"}
{"level":"info","message":"Get all Coupons","timestamp":"2022-02-14 02:53:01 PM +0200"}
{"level":"info","message":"Success to Get all coupons","timestamp":"2022-02-14 02:53:01 PM +0200"}
{"level":"info","message":"Express server is running on port 8000","timestamp":"2022-02-14 02:55:38 PM +0200"}
{"level":"info","message":"DB connected","timestamp":"2022-02-14 02:55:39 PM +0200"}
{"level":"info","message":"Get all Coupons","timestamp":"2022-02-14 02:55:42 PM +0200"}
{"level":"info","message":"Success to Get all coupons","timestamp":"2022-02-14 02:55:42 PM +0200"}
{"level":"info","message":"Express server is running on port 8000","timestamp":"2022-02-14 02:55:56 PM +0200"}
{"level":"info","message":"DB connected","timestamp":"2022-02-14 02:55:57 PM +0200"}
{"level":"info","message":"Get all Coupons","timestamp":"2022-02-14 02:56:00 PM +0200"}
{"level":"info","message":"Success to Get all coupons","timestamp":"2022-02-14 02:56:00 PM +0200"}
{"level":"info","message":"Express server is running on port 8000","timestamp":"2022-02-14 02:56:40 PM +0200"}
{"level":"info","message":"DB connected","timestamp":"2022-02-14 02:56:42 PM +0200"}
{"level":"info","message":"Get all Coupons","timestamp":"2022-02-14 02:56:42 PM +0200"}
{"level":"info","message":"Success to Get all coupons","timestamp":"2022-02-14 02:56:42 PM +0200"}
{"level":"info","message":"Express server is running on port 8000","timestamp":"2022-02-14 02:57:13 PM +0200"}
{"level":"info","message":"DB connected","timestamp":"2022-02-14 02:57:14 PM +0200"}
{"level":"info","message":"Get all Coupons","timestamp":"2022-02-14 02:57:16 PM +0200"}
{"level":"info","message":"Success to Get all coupons","timestamp":"2022-02-14 02:57:16 PM +0200"}
{"level":"info","message":"Express server is running on port 8000","timestamp":"2022-02-14 02:57:28 PM +0200"}
{"level":"info","message":"DB connected","timestamp":"2022-02-14 02:57:28 PM +0200"}
{"level":"info","message":"Get all Coupons","timestamp":"2022-02-14 02:58:49 PM +0200"}
{"level":"info","message":"Success to Get all coupons","timestamp":"2022-02-14 02:58:49 PM +0200"}
{"level":"info","message":"Get all Coupons","timestamp":"2022-02-14 03:01:08 PM +0200"}
{"level":"info","message":"Success to Get all coupons","timestamp":"2022-02-14 03:01:08 PM +0200"}
{"level":"info","message":"Get all Coupons","timestamp":"2022-02-14 03:01:22 PM +0200"}
{"level":"info","message":"Success to Get all coupons","timestamp":"2022-02-14 03:01:22 PM +0200"}
{"level":"info","message":"Get all Coupons","timestamp":"2022-02-14 03:01:55 PM +0200"}
{"level":"info","message":"Success to Get all coupons","timestamp":"2022-02-14 03:01:55 PM +0200"}
{"level":"info","message":"Get all Coupons","timestamp":"2022-02-14 03:03:14 PM +0200"}
{"level":"info","message":"Success to Get all coupons","timestamp":"2022-02-14 03:03:14 PM +0200"}
{"level":"info","message":"Get all Coupons","timestamp":"2022-02-14 03:03:20 PM +0200"}
{"level":"info","message":"Success to Get all coupons","timestamp":"2022-02-14 03:03:20 PM +0200"}
{"level":"info","message":"Express server is running on port 8000","timestamp":"2022-02-14 03:07:03 PM +0200"}
{"level":"info","message":"DB connected","timestamp":"2022-02-14 03:07:05 PM +0200"}
{"level":"info","message":"Express server is running on port 8000","timestamp":"2022-02-14 03:07:19 PM +0200"}
{"level":"info","message":"DB connected","timestamp":"2022-02-14 03:07:20 PM +0200"}
{"level":"info","message":"Get all Coupons","timestamp":"2022-02-14 03:11:11 PM +0200"}
{"level":"info","message":"Success to Get all coupons","timestamp":"2022-02-14 03:11:11 PM +0200"}
{"level":"info","message":"Get all Coupons","timestamp":"2022-02-14 03:11:16 PM +0200"}
{"level":"info","message":"Success to Get all coupons","timestamp":"2022-02-14 03:11:16 PM +0200"}
{"level":"info","message":"Get all Coupons","timestamp":"2022-02-14 03:11:37 PM +0200"}
{"level":"info","message":"Success to Get all coupons","timestamp":"2022-02-14 03:11:37 PM +0200"}
{"level":"info","message":"Get all Coupons","timestamp":"2022-02-14 03:13:55 PM +0200"}
{"level":"info","message":"Success to Get all coupons","timestamp":"2022-02-14 03:13:55 PM +0200"}
{"level":"info","message":"Add Coupon to user 620963816f1cdb5a6f1bda60","timestamp":"2022-02-14 03:13:56 PM +0200"}
{"level":"info","message":"Express server is running on port 8000","timestamp":"2022-02-14 03:14:55 PM +0200"}
{"level":"info","message":"DB connected","timestamp":"2022-02-14 03:14:57 PM +0200"}
{"level":"info","message":"Express server is running on port 8000","timestamp":"2022-02-14 03:15:41 PM +0200"}
{"level":"info","message":"DB connected","timestamp":"2022-02-14 03:15:42 PM +0200"}
{"level":"info","message":"Add Coupon to user 620963816f1cdb5a6f1bda60","timestamp":"2022-02-14 03:17:45 PM +0200"}
{"level":"info","message":"Express server is running on port 8000","timestamp":"2022-02-14 03:18:24 PM +0200"}
{"level":"info","message":"DB connected","timestamp":"2022-02-14 03:18:26 PM +0200"}
{"level":"info","message":"Add Coupon to user 620963816f1cdb5a6f1bda60","timestamp":"2022-02-14 03:18:30 PM +0200"}
{"level":"info","message":"Express server is running on port 8000","timestamp":"2022-02-14 03:21:32 PM +0200"}
{"level":"info","message":"DB connected","timestamp":"2022-02-14 03:21:34 PM +0200"}
{"level":"info","message":"Add Coupon to user 620963816f1cdb5a6f1bda60","timestamp":"2022-02-14 03:21:35 PM +0200"}
{"level":"info","message":"Express server is running on port 8000","timestamp":"2022-02-14 03:22:13 PM +0200"}
{"level":"info","message":"DB connected","timestamp":"2022-02-14 03:22:14 PM +0200"}
{"level":"info","message":"Get all Coupons","timestamp":"2022-02-14 03:22:17 PM +0200"}
{"level":"info","message":"Success to Get all coupons","timestamp":"2022-02-14 03:22:17 PM +0200"}
{"level":"info","message":"Add Coupon to user 620963816f1cdb5a6f1bda60","timestamp":"2022-02-14 03:22:18 PM +0200"}
{"level":"info","message":"Express server is running on port 8000","timestamp":"2022-02-14 03:22:34 PM +0200"}
{"level":"info","message":"DB connected","timestamp":"2022-02-14 03:22:36 PM +0200"}
{"level":"info","message":"Add Coupon to user 620963816f1cdb5a6f1bda60","timestamp":"2022-02-14 03:22:37 PM +0200"}
{"level":"info","message":"Express server is running on port 8000","timestamp":"2022-02-14 03:23:06 PM +0200"}
{"level":"info","message":"DB connected","timestamp":"2022-02-14 03:23:07 PM +0200"}
{"level":"info","message":"Add Coupon to user 620963816f1cdb5a6f1bda60","timestamp":"2022-02-14 03:23:07 PM +0200"}
{"level":"info","message":"Express server is running on port 8000","timestamp":"2022-02-14 03:24:40 PM +0200"}
{"level":"info","message":"DB connected","timestamp":"2022-02-14 03:24:42 PM +0200"}
{"level":"info","message":"Add Coupon to user 620963816f1cdb5a6f1bda60","timestamp":"2022-02-14 03:24:43 PM +0200"}
{"level":"info","message":"Express server is running on port 8000","timestamp":"2022-02-14 03:25:21 PM +0200"}
{"level":"info","message":"DB connected","timestamp":"2022-02-14 03:25:21 PM +0200"}
{"level":"info","message":"Add Coupon to user 620963816f1cdb5a6f1bda60","timestamp":"2022-02-14 03:25:24 PM +0200"}
{"level":"info","message":"Express server is running on port 8000","timestamp":"2022-02-14 03:27:02 PM +0200"}
{"level":"info","message":"DB connected","timestamp":"2022-02-14 03:27:04 PM +0200"}
{"level":"info","message":"Add Coupon to user 620963816f1cdb5a6f1bda60","timestamp":"2022-02-14 03:27:04 PM +0200"}
{"level":"info","message":"Get all Coupons","timestamp":"2022-02-14 03:27:11 PM +0200"}
{"level":"info","message":"Success to Get all coupons","timestamp":"2022-02-14 03:27:11 PM +0200"}
{"level":"info","message":"Get all Coupons","timestamp":"2022-02-14 03:31:13 PM +0200"}
{"level":"info","message":"Success to Get all coupons","timestamp":"2022-02-14 03:31:13 PM +0200"}
{"level":"info","message":"Get all RecycleBins","timestamp":"2022-02-14 03:31:28 PM +0200"}
{"level":"info","message":"Success to Get all recycleBins","timestamp":"2022-02-14 03:31:29 PM +0200"}
{"level":"info","message":"Get all RecycleBins","timestamp":"2022-02-14 03:31:29 PM +0200"}
{"level":"info","message":"Success to Get all recycleBins","timestamp":"2022-02-14 03:31:29 PM +0200"}
{"level":"info","message":"Get all Coupons","timestamp":"2022-02-14 03:31:34 PM +0200"}
{"level":"info","message":"Success to Get all coupons","timestamp":"2022-02-14 03:31:34 PM +0200"}
{"level":"info","message":"Add Coupon to user 620963816f1cdb5a6f1bda60","timestamp":"2022-02-14 03:31:39 PM +0200"}
{"level":"info","message":"Updating user's coupons no:620963816f1cdb5a6f1bda60 is successfully","timestamp":"2022-02-14 03:31:39 PM +0200"}
{"level":"info","message":"Express server is running on port 8000","timestamp":"2022-02-14 03:33:12 PM +0200"}
{"level":"info","message":"DB connected","timestamp":"2022-02-14 03:33:14 PM +0200"}
{"level":"info","message":"Get all Coupons","timestamp":"2022-02-14 03:33:32 PM +0200"}
{"level":"info","message":"Success to Get all coupons","timestamp":"2022-02-14 03:33:32 PM +0200"}
{"level":"info","message":"Add Coupon to user 620963816f1cdb5a6f1bda60","timestamp":"2022-02-14 03:33:34 PM +0200"}
{"level":"info","message":"Get all Coupons","timestamp":"2022-02-14 03:33:48 PM +0200"}
{"level":"info","message":"Success to Get all coupons","timestamp":"2022-02-14 03:33:48 PM +0200"}
{"level":"info","message":"Add Coupon to user 620963816f1cdb5a6f1bda60","timestamp":"2022-02-14 03:33:50 PM +0200"}
{"level":"info","message":"Updating user's coupons no:620963816f1cdb5a6f1bda60 is successfully","timestamp":"2022-02-14 03:33:50 PM +0200"}
{"level":"info","message":"Express server is running on port 8000","timestamp":"2022-02-14 03:34:36 PM +0200"}
{"level":"info","message":"DB connected","timestamp":"2022-02-14 03:34:37 PM +0200"}
{"level":"info","message":"Get all Coupons","timestamp":"2022-02-14 03:35:26 PM +0200"}
{"level":"info","message":"Success to Get all coupons","timestamp":"2022-02-14 03:35:26 PM +0200"}
{"level":"info","message":"Express server is running on port 8000","timestamp":"2022-02-14 03:36:29 PM +0200"}
{"level":"info","message":"DB connected","timestamp":"2022-02-14 03:36:30 PM +0200"}
{"level":"info","message":"Get all Coupons","timestamp":"2022-02-14 03:36:32 PM +0200"}
{"level":"info","message":"Success to Get all coupons","timestamp":"2022-02-14 03:36:32 PM +0200"}
{"level":"info","message":"Add Coupon to user 620963816f1cdb5a6f1bda60","timestamp":"2022-02-14 03:36:43 PM +0200"}
{"level":"info","message":"Updating user's coupons no:620963816f1cdb5a6f1bda60 is successfully","timestamp":"2022-02-14 03:36:43 PM +0200"}
{"level":"info","message":"Express server is running on port 8000","timestamp":"2022-02-14 03:37:49 PM +0200"}
{"level":"info","message":"DB connected","timestamp":"2022-02-14 03:37:50 PM +0200"}
{"level":"info","message":"Express server is running on port 8000","timestamp":"2022-02-14 03:39:00 PM +0200"}
{"level":"info","message":"DB connected","timestamp":"2022-02-14 03:39:02 PM +0200"}
{"level":"info","message":"Add Coupon to user 620963816f1cdb5a6f1bda60","timestamp":"2022-02-14 03:39:07 PM +0200"}
{"level":"info","message":"Updating user's coupons no:620963816f1cdb5a6f1bda60 is successfully","timestamp":"2022-02-14 03:39:07 PM +0200"}
{"level":"info","message":"Express server is running on port 8000","timestamp":"2022-02-14 03:40:01 PM +0200"}
{"level":"info","message":"DB connected","timestamp":"2022-02-14 03:40:03 PM +0200"}
{"level":"info","message":"Get all Coupons","timestamp":"2022-02-14 03:40:03 PM +0200"}
{"level":"info","message":"Success to Get all coupons","timestamp":"2022-02-14 03:40:04 PM +0200"}
{"level":"info","message":"Add Coupon to user 620963816f1cdb5a6f1bda60","timestamp":"2022-02-14 03:40:09 PM +0200"}
{"level":"info","message":"Updating user's coupons no:620963816f1cdb5a6f1bda60 is successfully","timestamp":"2022-02-14 03:40:09 PM +0200"}
{"level":"info","message":"Updating a coupon","timestamp":"2022-02-14 03:40:09 PM +0200"}
{"level":"info","message":"Updating coupon no:620a4fd5b0cfe5d387a3922f is successfully","timestamp":"2022-02-14 03:40:10 PM +0200"}
{"level":"info","message":"Get all Coupons","timestamp":"2022-02-14 03:44:46 PM +0200"}
{"level":"info","message":"Success to Get all coupons","timestamp":"2022-02-14 03:44:46 PM +0200"}
{"level":"info","message":"Get all Coupons","timestamp":"2022-02-14 03:45:55 PM +0200"}
{"level":"info","message":"Success to Get all coupons","timestamp":"2022-02-14 03:45:55 PM +0200"}
{"level":"info","message":"Add Coupon to user 620963816f1cdb5a6f1bda60","timestamp":"2022-02-14 03:45:59 PM +0200"}
{"level":"info","message":"Updating user's coupons no:620963816f1cdb5a6f1bda60 is successfully","timestamp":"2022-02-14 03:46:00 PM +0200"}
{"level":"info","message":"Updating a coupon","timestamp":"2022-02-14 03:46:00 PM +0200"}
{"level":"info","message":"Updating coupon no:620a4fd5b0cfe5d387a3922f is successfully","timestamp":"2022-02-14 03:46:00 PM +0200"}
{"level":"info","message":"Get all Coupons","timestamp":"2022-02-14 03:46:40 PM +0200"}
{"level":"info","message":"Success to Get all coupons","timestamp":"2022-02-14 03:46:40 PM +0200"}
{"level":"info","message":"Add Coupon to user 620963816f1cdb5a6f1bda60","timestamp":"2022-02-14 03:47:26 PM +0200"}
{"level":"info","message":"Updating user's coupons no:620963816f1cdb5a6f1bda60 is successfully","timestamp":"2022-02-14 03:47:26 PM +0200"}
{"level":"info","message":"Updating a coupon","timestamp":"2022-02-14 03:47:26 PM +0200"}
{"level":"info","message":"Updating coupon no:620a4fd5b0cfe5d387a3922f is successfully","timestamp":"2022-02-14 03:47:26 PM +0200"}
{"level":"info","message":"Add Coupon to user 620963816f1cdb5a6f1bda60","timestamp":"2022-02-14 03:47:45 PM +0200"}
{"level":"info","message":"Get all Coupons","timestamp":"2022-02-14 03:47:58 PM +0200"}
{"level":"info","message":"Success to Get all coupons","timestamp":"2022-02-14 03:47:58 PM +0200"}
{"level":"info","message":"Get all Coupons","timestamp":"2022-02-14 03:48:25 PM +0200"}
{"level":"info","message":"Success to Get all coupons","timestamp":"2022-02-14 03:48:25 PM +0200"}
{"level":"info","message":"Add Coupon to user 620963816f1cdb5a6f1bda60","timestamp":"2022-02-14 03:48:27 PM +0200"}
{"level":"info","message":"Updating user's coupons no:620963816f1cdb5a6f1bda60 is successfully","timestamp":"2022-02-14 03:48:27 PM +0200"}
{"level":"info","message":"Updating a coupon","timestamp":"2022-02-14 03:48:27 PM +0200"}
{"level":"info","message":"Updating coupon no:620a4fd5b0cfe5d387a3922f is successfully","timestamp":"2022-02-14 03:48:27 PM +0200"}
{"level":"info","message":"Express server is running on port 8000","timestamp":"2022-02-14 03:48:57 PM +0200"}
{"level":"info","message":"DB connected","timestamp":"2022-02-14 03:48:58 PM +0200"}
{"level":"info","message":"Get all Coupons","timestamp":"2022-02-14 03:49:40 PM +0200"}
{"level":"info","message":"Success to Get all coupons","timestamp":"2022-02-14 03:49:40 PM +0200"}
{"level":"info","message":"Add Coupon to user 620963816f1cdb5a6f1bda60","timestamp":"2022-02-14 03:49:41 PM +0200"}
{"level":"info","message":"Updating user's coupons no:620963816f1cdb5a6f1bda60 is successfully","timestamp":"2022-02-14 03:49:41 PM +0200"}
{"level":"info","message":"Updating a coupon","timestamp":"2022-02-14 03:49:41 PM +0200"}
{"level":"info","message":"Updating coupon no:620a4fd5b0cfe5d387a3922f is successfully","timestamp":"2022-02-14 03:49:41 PM +0200"}
{"level":"info","message":"Get all Coupons","timestamp":"2022-02-14 03:59:48 PM +0200"}
{"level":"info","message":"Success to Get all coupons","timestamp":"2022-02-14 03:59:48 PM +0200"}
{"level":"info","message":"Express server is running on port 8000","timestamp":"2022-02-14 04:00:46 PM +0200"}
{"level":"info","message":"DB connected","timestamp":"2022-02-14 04:00:48 PM +0200"}
{"level":"info","message":"Add Coupon to user 620963816f1cdb5a6f1bda60","timestamp":"2022-02-14 04:01:26 PM +0200"}
{"level":"info","message":"Updating user's coupons no:620963816f1cdb5a6f1bda60 is successfully","timestamp":"2022-02-14 04:01:27 PM +0200"}
{"level":"info","message":"Updating a coupon","timestamp":"2022-02-14 04:01:27 PM +0200"}
{"level":"info","message":"Updating coupon no:620a4fd5b0cfe5d387a3922f is successfully","timestamp":"2022-02-14 04:01:27 PM +0200"}
{"level":"info","message":"Express server is running on port 8000","timestamp":"2022-02-14 04:04:30 PM +0200"}
{"level":"info","message":"DB connected","timestamp":"2022-02-14 04:04:32 PM +0200"}
{"level":"info","message":"Express server is running on port 8000","timestamp":"2022-02-14 04:05:00 PM +0200"}
{"level":"info","message":"DB connected","timestamp":"2022-02-14 04:05:01 PM +0200"}
{"level":"info","message":"Get all Coupons","timestamp":"2022-02-14 04:05:31 PM +0200"}
{"level":"info","message":"Success to Get all coupons","timestamp":"2022-02-14 04:05:32 PM +0200"}
{"level":"info","message":"Add Coupon to user 620963816f1cdb5a6f1bda60","timestamp":"2022-02-14 04:05:35 PM +0200"}
{"level":"info","message":"Updating user's coupons no:620963816f1cdb5a6f1bda60 is successfully","timestamp":"2022-02-14 04:05:35 PM +0200"}
{"level":"info","message":"Express server is running on port 8000","timestamp":"2022-02-14 04:06:38 PM +0200"}
{"level":"info","message":"DB connected","timestamp":"2022-02-14 04:06:39 PM +0200"}
{"level":"info","message":"Get all Coupons","timestamp":"2022-02-14 04:07:01 PM +0200"}
{"level":"info","message":"Success to Get all coupons","timestamp":"2022-02-14 04:07:02 PM +0200"}
{"level":"info","message":"Add Coupon to user 620963816f1cdb5a6f1bda60","timestamp":"2022-02-14 04:07:07 PM +0200"}
{"level":"info","message":"Updating user's coupons no:620963816f1cdb5a6f1bda60 is successfully","timestamp":"2022-02-14 04:07:08 PM +0200"}
{"level":"info","message":"Get User id:620963816f1cdb5a6f1bda60","timestamp":"2022-02-14 04:07:08 PM +0200"}
{"level":"info","message":"Get all Coupons","timestamp":"2022-02-14 04:13:00 PM +0200"}
{"level":"info","message":"Success to Get all coupons","timestamp":"2022-02-14 04:13:00 PM +0200"}
{"level":"info","message":"Get all Coupons","timestamp":"2022-02-14 04:13:04 PM +0200"}
{"level":"info","message":"Success to Get all coupons","timestamp":"2022-02-14 04:13:04 PM +0200"}
{"level":"info","message":"Get all Coupons","timestamp":"2022-02-14 04:13:13 PM +0200"}
{"level":"info","message":"Success to Get all coupons","timestamp":"2022-02-14 04:13:13 PM +0200"}
{"level":"info","message":"Add Coupon to user 620963816f1cdb5a6f1bda60","timestamp":"2022-02-14 04:13:23 PM +0200"}
{"level":"info","message":"Get all Coupons","timestamp":"2022-02-14 04:13:53 PM +0200"}
{"level":"info","message":"Success to Get all coupons","timestamp":"2022-02-14 04:13:54 PM +0200"}
{"level":"info","message":"Add Coupon to user 620963816f1cdb5a6f1bda60","timestamp":"2022-02-14 04:13:55 PM +0200"}
{"level":"info","message":"Updating user's coupons no:620963816f1cdb5a6f1bda60 is successfully","timestamp":"2022-02-14 04:13:55 PM +0200"}
{"level":"info","message":"Get User id:620963816f1cdb5a6f1bda60","timestamp":"2022-02-14 04:13:55 PM +0200"}
{"level":"info","message":"Get all RecycleBins","timestamp":"2022-02-14 04:15:27 PM +0200"}
{"level":"info","message":"Success to Get all recycleBins","timestamp":"2022-02-14 04:15:27 PM +0200"}
{"level":"info","message":"Express server is running on port 8000","timestamp":"2022-02-14 04:37:06 PM +0200"}
{"level":"info","message":"DB connected","timestamp":"2022-02-14 04:37:08 PM +0200"}
{"level":"info","message":"Get all RecycleBins","timestamp":"2022-02-14 04:38:03 PM +0200"}
{"level":"info","message":"Success to Get all recycleBins","timestamp":"2022-02-14 04:38:03 PM +0200"}
{"level":"info","message":"Get all RecycleBins","timestamp":"2022-02-14 04:39:24 PM +0200"}
{"level":"info","message":"Success to Get all recycleBins","timestamp":"2022-02-14 04:39:24 PM +0200"}
{"level":"info","message":"Express server is running on port 8000","timestamp":"2022-02-14 04:40:51 PM +0200"}
{"level":"info","message":"DB connected","timestamp":"2022-02-14 04:40:53 PM +0200"}
{"level":"info","message":"Express server is running on port 8000","timestamp":"2022-02-14 04:41:08 PM +0200"}
{"level":"info","message":"DB connected","timestamp":"2022-02-14 04:41:08 PM +0200"}
{"level":"info","message":"Express server is running on port 8000","timestamp":"2022-02-14 04:41:41 PM +0200"}
{"level":"info","message":"DB connected","timestamp":"2022-02-14 04:41:42 PM +0200"}
{"level":"info","message":"Express server is running on port 8000","timestamp":"2022-02-14 04:43:53 PM +0200"}
{"level":"info","message":"DB connected","timestamp":"2022-02-14 04:43:54 PM +0200"}
{"level":"info","message":"Get all Coupons","timestamp":"2022-02-14 04:44:06 PM +0200"}
{"level":"info","message":"Success to Get all coupons","timestamp":"2022-02-14 04:44:06 PM +0200"}
{"level":"info","message":"Get all Coupons","timestamp":"2022-02-14 04:44:14 PM +0200"}
{"level":"info","message":"Success to Get all coupons","timestamp":"2022-02-14 04:44:14 PM +0200"}
{"level":"info","message":"Express server is running on port 8000","timestamp":"2022-02-14 04:44:23 PM +0200"}
{"level":"info","message":"DB connected","timestamp":"2022-02-14 04:44:24 PM +0200"}
{"level":"info","message":"Get all Coupons","timestamp":"2022-02-14 04:44:25 PM +0200"}
{"level":"info","message":"Success to Get all coupons","timestamp":"2022-02-14 04:44:25 PM +0200"}
{"level":"info","message":"Express server is running on port 8000","timestamp":"2022-02-14 04:44:37 PM +0200"}
{"level":"info","message":"DB connected","timestamp":"2022-02-14 04:44:38 PM +0200"}
{"level":"info","message":"Get all Coupons","timestamp":"2022-02-14 04:44:44 PM +0200"}
{"level":"info","message":"Success to Get all coupons","timestamp":"2022-02-14 04:44:44 PM +0200"}
{"level":"info","message":"Get all RecycleBins","timestamp":"2022-02-14 06:35:25 PM +0200"}
{"level":"info","message":"Success to Get all recycleBins","timestamp":"2022-02-14 06:35:26 PM +0200"}
{"level":"info","message":"Get all RecycleBins","timestamp":"2022-02-14 06:35:51 PM +0200"}
{"level":"info","message":"Success to Get all recycleBins","timestamp":"2022-02-14 06:35:51 PM +0200"}
{"level":"info","message":"Get all RecycleBins","timestamp":"2022-02-14 06:36:30 PM +0200"}
{"level":"info","message":"Success to Get all recycleBins","timestamp":"2022-02-14 06:36:30 PM +0200"}
{"level":"info","message":"Get all RecycleBins","timestamp":"2022-02-14 06:41:24 PM +0200"}
{"level":"info","message":"Success to Get all recycleBins","timestamp":"2022-02-14 06:41:24 PM +0200"}
{"level":"info","message":"Get all RecycleBins","timestamp":"2022-02-14 06:42:32 PM +0200"}
{"level":"info","message":"Success to Get all recycleBins","timestamp":"2022-02-14 06:42:32 PM +0200"}
{"level":"info","message":"Get all RecycleBins","timestamp":"2022-02-14 06:43:19 PM +0200"}
{"level":"info","message":"Success to Get all recycleBins","timestamp":"2022-02-14 06:43:20 PM +0200"}
{"level":"info","message":"Get all RecycleBins","timestamp":"2022-02-14 06:46:05 PM +0200"}
{"level":"info","message":"Success to Get all recycleBins","timestamp":"2022-02-14 06:46:05 PM +0200"}
{"level":"info","message":"Get all RecycleBins","timestamp":"2022-02-14 06:47:27 PM +0200"}
{"level":"info","message":"Success to Get all recycleBins","timestamp":"2022-02-14 06:47:27 PM +0200"}
{"level":"info","message":"Get all RecycleBins","timestamp":"2022-02-14 06:48:30 PM +0200"}
{"level":"info","message":"Success to Get all recycleBins","timestamp":"2022-02-14 06:48:30 PM +0200"}
{"level":"info","message":"Get all Coupons","timestamp":"2022-02-14 06:48:30 PM +0200"}
{"level":"info","message":"Success to Get all coupons","timestamp":"2022-02-14 06:48:30 PM +0200"}
{"level":"info","message":"Get all RecycleBins","timestamp":"2022-02-14 06:51:10 PM +0200"}
{"level":"info","message":"Success to Get all recycleBins","timestamp":"2022-02-14 06:51:10 PM +0200"}
{"level":"info","message":"Get all Coupons","timestamp":"2022-02-14 06:51:10 PM +0200"}
{"level":"info","message":"Success to Get all coupons","timestamp":"2022-02-14 06:51:10 PM +0200"}
{"level":"info","message":"Get all RecycleBins","timestamp":"2022-02-14 06:52:14 PM +0200"}
{"level":"info","message":"Success to Get all recycleBins","timestamp":"2022-02-14 06:52:14 PM +0200"}
{"level":"info","message":"Get all Coupons","timestamp":"2022-02-14 06:52:14 PM +0200"}
{"level":"info","message":"Success to Get all coupons","timestamp":"2022-02-14 06:52:14 PM +0200"}
{"level":"info","message":"Get all RecycleBins","timestamp":"2022-02-14 06:52:27 PM +0200"}
{"level":"info","message":"Success to Get all recycleBins","timestamp":"2022-02-14 06:52:27 PM +0200"}
{"level":"info","message":"Get all Coupons","timestamp":"2022-02-14 06:52:27 PM +0200"}
{"level":"info","message":"Success to Get all coupons","timestamp":"2022-02-14 06:52:27 PM +0200"}
{"level":"info","message":"Get all RecycleBins","timestamp":"2022-02-14 06:52:49 PM +0200"}
{"level":"info","message":"Success to Get all recycleBins","timestamp":"2022-02-14 06:52:49 PM +0200"}
{"level":"info","message":"Get all Coupons","timestamp":"2022-02-14 06:52:49 PM +0200"}
{"level":"info","message":"Success to Get all coupons","timestamp":"2022-02-14 06:52:49 PM +0200"}
{"level":"info","message":"Get all RecycleBins","timestamp":"2022-02-14 06:53:17 PM +0200"}
{"level":"info","message":"Success to Get all recycleBins","timestamp":"2022-02-14 06:53:17 PM +0200"}
{"level":"info","message":"Get all Coupons","timestamp":"2022-02-14 06:53:17 PM +0200"}
{"level":"info","message":"Success to Get all coupons","timestamp":"2022-02-14 06:53:17 PM +0200"}
{"level":"info","message":"Get all RecycleBins","timestamp":"2022-02-14 06:53:38 PM +0200"}
{"level":"info","message":"Success to Get all recycleBins","timestamp":"2022-02-14 06:53:38 PM +0200"}
{"level":"info","message":"Get all Coupons","timestamp":"2022-02-14 06:53:38 PM +0200"}
{"level":"info","message":"Success to Get all coupons","timestamp":"2022-02-14 06:53:38 PM +0200"}
{"level":"info","message":"Get all RecycleBins","timestamp":"2022-02-14 06:57:07 PM +0200"}
{"level":"info","message":"Success to Get all recycleBins","timestamp":"2022-02-14 06:57:08 PM +0200"}
{"level":"info","message":"Get all RecycleBins","timestamp":"2022-02-14 06:57:59 PM +0200"}
{"level":"info","message":"Success to Get all recycleBins","timestamp":"2022-02-14 06:57:59 PM +0200"}
{"level":"info","message":"Get all Coupons","timestamp":"2022-02-14 06:57:59 PM +0200"}
{"level":"info","message":"Success to Get all coupons","timestamp":"2022-02-14 06:57:59 PM +0200"}
{"level":"info","message":"Get all RecycleBins","timestamp":"2022-02-14 06:58:58 PM +0200"}
{"level":"info","message":"Success to Get all recycleBins","timestamp":"2022-02-14 06:58:58 PM +0200"}
{"level":"info","message":"Get all Coupons","timestamp":"2022-02-14 06:58:58 PM +0200"}
{"level":"info","message":"Success to Get all coupons","timestamp":"2022-02-14 06:58:58 PM +0200"}
{"level":"info","message":"Get all RecycleBins","timestamp":"2022-02-14 06:59:13 PM +0200"}
{"level":"info","message":"Success to Get all recycleBins","timestamp":"2022-02-14 06:59:13 PM +0200"}
{"level":"info","message":"Get all Coupons","timestamp":"2022-02-14 06:59:14 PM +0200"}
{"level":"info","message":"Success to Get all coupons","timestamp":"2022-02-14 06:59:14 PM +0200"}
{"level":"info","message":"Get all RecycleBins","timestamp":"2022-02-14 06:59:34 PM +0200"}
{"level":"info","message":"Success to Get all recycleBins","timestamp":"2022-02-14 06:59:34 PM +0200"}
{"level":"info","message":"Get all Coupons","timestamp":"2022-02-14 06:59:34 PM +0200"}
{"level":"info","message":"Success to Get all coupons","timestamp":"2022-02-14 06:59:34 PM +0200"}
{"level":"info","message":"Get all RecycleBins","timestamp":"2022-02-14 07:00:04 PM +0200"}
{"level":"info","message":"Success to Get all recycleBins","timestamp":"2022-02-14 07:00:05 PM +0200"}
{"level":"info","message":"Get all Coupons","timestamp":"2022-02-14 07:00:05 PM +0200"}
{"level":"info","message":"Success to Get all coupons","timestamp":"2022-02-14 07:00:05 PM +0200"}
{"level":"info","message":"Get all RecycleBins","timestamp":"2022-02-14 07:00:10 PM +0200"}
{"level":"info","message":"Success to Get all recycleBins","timestamp":"2022-02-14 07:00:10 PM +0200"}
{"level":"info","message":"Get all Coupons","timestamp":"2022-02-14 07:00:10 PM +0200"}
{"level":"info","message":"Success to Get all coupons","timestamp":"2022-02-14 07:00:10 PM +0200"}
{"level":"info","message":"Get all RecycleBins","timestamp":"2022-02-14 07:00:30 PM +0200"}
{"level":"info","message":"Success to Get all recycleBins","timestamp":"2022-02-14 07:00:30 PM +0200"}
{"level":"info","message":"Get all Coupons","timestamp":"2022-02-14 07:00:30 PM +0200"}
{"level":"info","message":"Success to Get all coupons","timestamp":"2022-02-14 07:00:30 PM +0200"}
{"level":"info","message":"Get all RecycleBins","timestamp":"2022-02-14 07:00:44 PM +0200"}
{"level":"info","message":"Success to Get all recycleBins","timestamp":"2022-02-14 07:00:44 PM +0200"}
{"level":"info","message":"Get all Coupons","timestamp":"2022-02-14 07:00:44 PM +0200"}
{"level":"info","message":"Success to Get all coupons","timestamp":"2022-02-14 07:00:45 PM +0200"}
{"level":"info","message":"Get all RecycleBins","timestamp":"2022-02-14 07:02:04 PM +0200"}
{"level":"info","message":"Success to Get all recycleBins","timestamp":"2022-02-14 07:02:04 PM +0200"}
{"level":"info","message":"Get all Coupons","timestamp":"2022-02-14 07:02:04 PM +0200"}
{"level":"info","message":"Success to Get all coupons","timestamp":"2022-02-14 07:02:04 PM +0200"}
{"level":"info","message":"Get all RecycleBins","timestamp":"2022-02-14 07:17:05 PM +0200"}
{"level":"info","message":"Success to Get all recycleBins","timestamp":"2022-02-14 07:17:05 PM +0200"}
{"level":"info","message":"Get all Coupons","timestamp":"2022-02-14 07:17:05 PM +0200"}
{"level":"info","message":"Success to Get all coupons","timestamp":"2022-02-14 07:17:05 PM +0200"}
{"level":"info","message":"Get all RecycleBins","timestamp":"2022-02-14 07:24:45 PM +0200"}
{"level":"info","message":"Success to Get all recycleBins","timestamp":"2022-02-14 07:24:45 PM +0200"}
{"level":"info","message":"Get all Coupons","timestamp":"2022-02-14 07:24:45 PM +0200"}
{"level":"info","message":"Success to Get all coupons","timestamp":"2022-02-14 07:24:45 PM +0200"}
{"level":"info","message":"Get all RecycleBins","timestamp":"2022-02-14 07:26:57 PM +0200"}
{"level":"info","message":"Success to Get all recycleBins","timestamp":"2022-02-14 07:26:58 PM +0200"}
{"level":"info","message":"Get all Coupons","timestamp":"2022-02-14 07:26:58 PM +0200"}
{"level":"info","message":"Success to Get all coupons","timestamp":"2022-02-14 07:26:58 PM +0200"}
{"level":"info","message":"Get all RecycleBins","timestamp":"2022-02-14 07:27:27 PM +0200"}
{"level":"info","message":"Get all Coupons","timestamp":"2022-02-14 07:27:27 PM +0200"}
{"level":"info","message":"Success to Get all recycleBins","timestamp":"2022-02-14 07:27:27 PM +0200"}
{"level":"info","message":"Success to Get all coupons","timestamp":"2022-02-14 07:27:27 PM +0200"}
{"level":"info","message":"Get all RecycleBins","timestamp":"2022-02-14 07:27:34 PM +0200"}
{"level":"info","message":"Success to Get all recycleBins","timestamp":"2022-02-14 07:27:35 PM +0200"}
{"level":"info","message":"Get all Coupons","timestamp":"2022-02-14 07:27:35 PM +0200"}
{"level":"info","message":"Success to Get all coupons","timestamp":"2022-02-14 07:27:35 PM +0200"}
{"level":"info","message":"Get all RecycleBins","timestamp":"2022-02-14 07:27:56 PM +0200"}
{"level":"info","message":"Success to Get all recycleBins","timestamp":"2022-02-14 07:27:56 PM +0200"}
{"level":"info","message":"Get all Coupons","timestamp":"2022-02-14 07:27:56 PM +0200"}
{"level":"info","message":"Success to Get all coupons","timestamp":"2022-02-14 07:27:56 PM +0200"}
{"level":"info","message":"Get all RecycleBins","timestamp":"2022-02-14 07:28:11 PM +0200"}
{"level":"info","message":"Success to Get all recycleBins","timestamp":"2022-02-14 07:28:12 PM +0200"}
{"level":"info","message":"Get all Coupons","timestamp":"2022-02-14 07:28:12 PM +0200"}
{"level":"info","message":"Success to Get all coupons","timestamp":"2022-02-14 07:28:12 PM +0200"}
{"level":"info","message":"Get all Coupons","timestamp":"2022-02-14 07:28:25 PM +0200"}
{"level":"info","message":"Success to Get all coupons","timestamp":"2022-02-14 07:28:25 PM +0200"}
{"level":"info","message":"Get all Coupons","timestamp":"2022-02-14 07:28:32 PM +0200"}
{"level":"info","message":"Success to Get all coupons","timestamp":"2022-02-14 07:28:32 PM +0200"}
{"level":"info","message":"Get all Coupons","timestamp":"2022-02-14 07:28:39 PM +0200"}
{"level":"info","message":"Success to Get all coupons","timestamp":"2022-02-14 07:28:39 PM +0200"}
{"level":"info","message":"Get all Coupons","timestamp":"2022-02-14 07:30:02 PM +0200"}
{"level":"info","message":"Success to Get all coupons","timestamp":"2022-02-14 07:30:02 PM +0200"}
{"level":"info","message":"Get all RecycleBins","timestamp":"2022-02-14 07:30:02 PM +0200"}
{"level":"info","message":"Success to Get all recycleBins","timestamp":"2022-02-14 07:30:02 PM +0200"}
{"level":"info","message":"Get all Coupons","timestamp":"2022-02-14 07:30:09 PM +0200"}
{"level":"info","message":"Success to Get all coupons","timestamp":"2022-02-14 07:30:09 PM +0200"}
{"level":"info","message":"Get all Coupons","timestamp":"2022-02-14 07:30:16 PM +0200"}
{"level":"info","message":"Success to Get all coupons","timestamp":"2022-02-14 07:30:17 PM +0200"}
{"level":"info","message":"Get all RecycleBins","timestamp":"2022-02-14 07:30:17 PM +0200"}
{"level":"info","message":"Success to Get all recycleBins","timestamp":"2022-02-14 07:30:17 PM +0200"}
{"level":"info","message":"Get all Coupons","timestamp":"2022-02-14 07:30:33 PM +0200"}
{"level":"info","message":"Success to Get all coupons","timestamp":"2022-02-14 07:30:33 PM +0200"}
{"level":"info","message":"Get all Coupons","timestamp":"2022-02-14 07:31:00 PM +0200"}
{"level":"info","message":"Success to Get all coupons","timestamp":"2022-02-14 07:31:00 PM +0200"}
{"level":"info","message":"Get all Coupons","timestamp":"2022-02-14 07:31:33 PM +0200"}
{"level":"info","message":"Success to Get all coupons","timestamp":"2022-02-14 07:31:33 PM +0200"}
{"level":"info","message":"Get all RecycleBins","timestamp":"2022-02-14 07:31:33 PM +0200"}
{"level":"info","message":"Success to Get all recycleBins","timestamp":"2022-02-14 07:31:34 PM +0200"}
{"level":"info","message":"Get all Coupons","timestamp":"2022-02-14 07:32:19 PM +0200"}
{"level":"info","message":"Success to Get all coupons","timestamp":"2022-02-14 07:32:19 PM +0200"}
{"level":"info","message":"Get all RecycleBins","timestamp":"2022-02-14 07:32:19 PM +0200"}
{"level":"info","message":"Success to Get all recycleBins","timestamp":"2022-02-14 07:32:19 PM +0200"}
{"level":"info","message":"Get all Coupons","timestamp":"2022-02-14 07:33:33 PM +0200"}
{"level":"info","message":"Success to Get all coupons","timestamp":"2022-02-14 07:33:33 PM +0200"}
{"level":"info","message":"Get all RecycleBins","timestamp":"2022-02-14 07:33:33 PM +0200"}
{"level":"info","message":"Success to Get all recycleBins","timestamp":"2022-02-14 07:33:33 PM +0200"}
{"level":"info","message":"Get all Coupons","timestamp":"2022-02-14 07:33:47 PM +0200"}
{"level":"info","message":"Success to Get all coupons","timestamp":"2022-02-14 07:33:47 PM +0200"}
{"level":"info","message":"Get all RecycleBins","timestamp":"2022-02-14 07:33:47 PM +0200"}
{"level":"info","message":"Success to Get all recycleBins","timestamp":"2022-02-14 07:33:47 PM +0200"}
{"level":"info","message":"Get all Coupons","timestamp":"2022-02-14 07:33:52 PM +0200"}
{"level":"info","message":"Success to Get all coupons","timestamp":"2022-02-14 07:33:52 PM +0200"}
{"level":"info","message":"Get all RecycleBins","timestamp":"2022-02-14 07:33:52 PM +0200"}
{"level":"info","message":"Success to Get all recycleBins","timestamp":"2022-02-14 07:33:52 PM +0200"}
{"level":"info","message":"Get all Coupons","timestamp":"2022-02-14 07:34:04 PM +0200"}
{"level":"info","message":"Success to Get all coupons","timestamp":"2022-02-14 07:34:04 PM +0200"}
{"level":"info","message":"Get all RecycleBins","timestamp":"2022-02-14 07:34:04 PM +0200"}
{"level":"info","message":"Success to Get all recycleBins","timestamp":"2022-02-14 07:34:04 PM +0200"}
{"level":"info","message":"Get all Coupons","timestamp":"2022-02-14 07:41:30 PM +0200"}
{"level":"info","message":"Success to Get all coupons","timestamp":"2022-02-14 07:41:30 PM +0200"}
{"level":"info","message":"Get all RecycleBins","timestamp":"2022-02-14 07:41:30 PM +0200"}
{"level":"info","message":"Success to Get all recycleBins","timestamp":"2022-02-14 07:41:30 PM +0200"}
{"level":"info","message":"Get all Coupons","timestamp":"2022-02-14 07:42:06 PM +0200"}
{"level":"info","message":"Success to Get all coupons","timestamp":"2022-02-14 07:42:06 PM +0200"}
{"level":"info","message":"Get all RecycleBins","timestamp":"2022-02-14 07:42:06 PM +0200"}
{"level":"info","message":"Success to Get all recycleBins","timestamp":"2022-02-14 07:42:06 PM +0200"}
{"level":"info","message":"Get all Coupons","timestamp":"2022-02-14 07:42:15 PM +0200"}
{"level":"info","message":"Success to Get all coupons","timestamp":"2022-02-14 07:42:15 PM +0200"}
{"level":"info","message":"Get all RecycleBins","timestamp":"2022-02-14 07:42:15 PM +0200"}
{"level":"info","message":"Success to Get all recycleBins","timestamp":"2022-02-14 07:42:15 PM +0200"}
{"level":"info","message":"Get all Coupons","timestamp":"2022-02-14 07:42:54 PM +0200"}
{"level":"info","message":"Success to Get all coupons","timestamp":"2022-02-14 07:42:54 PM +0200"}
{"level":"info","message":"Get all RecycleBins","timestamp":"2022-02-14 07:42:54 PM +0200"}
{"level":"info","message":"Success to Get all recycleBins","timestamp":"2022-02-14 07:42:54 PM +0200"}
{"level":"info","message":"Get all Coupons","timestamp":"2022-02-14 07:43:10 PM +0200"}
{"level":"info","message":"Success to Get all coupons","timestamp":"2022-02-14 07:43:10 PM +0200"}
{"level":"info","message":"Get all RecycleBins","timestamp":"2022-02-14 07:43:11 PM +0200"}
{"level":"info","message":"Success to Get all recycleBins","timestamp":"2022-02-14 07:43:11 PM +0200"}
{"level":"info","message":"Get all Coupons","timestamp":"2022-02-14 07:45:41 PM +0200"}
{"level":"info","message":"Success to Get all coupons","timestamp":"2022-02-14 07:45:41 PM +0200"}
{"level":"info","message":"Get all RecycleBins","timestamp":"2022-02-14 07:45:41 PM +0200"}
{"level":"info","message":"Success to Get all recycleBins","timestamp":"2022-02-14 07:45:41 PM +0200"}
{"level":"info","message":"Get all Coupons","timestamp":"2022-02-14 07:48:12 PM +0200"}
{"level":"info","message":"Success to Get all coupons","timestamp":"2022-02-14 07:48:12 PM +0200"}
{"level":"info","message":"Get all RecycleBins","timestamp":"2022-02-14 07:48:12 PM +0200"}
{"level":"info","message":"Success to Get all recycleBins","timestamp":"2022-02-14 07:48:12 PM +0200"}
{"level":"info","message":"Get all Coupons","timestamp":"2022-02-14 07:48:28 PM +0200"}
{"level":"info","message":"Success to Get all coupons","timestamp":"2022-02-14 07:48:28 PM +0200"}
{"level":"info","message":"Get all RecycleBins","timestamp":"2022-02-14 07:48:28 PM +0200"}
{"level":"info","message":"Success to Get all recycleBins","timestamp":"2022-02-14 07:48:28 PM +0200"}
{"level":"info","message":"Get all Coupons","timestamp":"2022-02-14 07:49:13 PM +0200"}
{"level":"info","message":"Success to Get all coupons","timestamp":"2022-02-14 07:49:13 PM +0200"}
{"level":"info","message":"Get all RecycleBins","timestamp":"2022-02-14 07:49:13 PM +0200"}
{"level":"info","message":"Success to Get all recycleBins","timestamp":"2022-02-14 07:49:13 PM +0200"}
{"level":"info","message":"Get all Coupons","timestamp":"2022-02-14 07:49:49 PM +0200"}
{"level":"info","message":"Success to Get all coupons","timestamp":"2022-02-14 07:49:49 PM +0200"}
{"level":"info","message":"Get all RecycleBins","timestamp":"2022-02-14 07:49:49 PM +0200"}
{"level":"info","message":"Success to Get all recycleBins","timestamp":"2022-02-14 07:49:49 PM +0200"}
{"level":"info","message":"Get all Coupons","timestamp":"2022-02-14 07:51:11 PM +0200"}
{"level":"info","message":"Success to Get all coupons","timestamp":"2022-02-14 07:51:11 PM +0200"}
{"level":"info","message":"Get all RecycleBins","timestamp":"2022-02-14 07:51:11 PM +0200"}
{"level":"info","message":"Success to Get all recycleBins","timestamp":"2022-02-14 07:51:11 PM +0200"}
{"level":"info","message":"Get all Coupons","timestamp":"2022-02-14 07:52:18 PM +0200"}
{"level":"info","message":"Success to Get all coupons","timestamp":"2022-02-14 07:52:18 PM +0200"}
{"level":"info","message":"Get all RecycleBins","timestamp":"2022-02-14 07:52:18 PM +0200"}
{"level":"info","message":"Success to Get all recycleBins","timestamp":"2022-02-14 07:52:19 PM +0200"}
{"level":"info","message":"Get all Coupons","timestamp":"2022-02-14 07:52:25 PM +0200"}
{"level":"info","message":"Success to Get all coupons","timestamp":"2022-02-14 07:52:25 PM +0200"}
{"level":"info","message":"Get all RecycleBins","timestamp":"2022-02-14 07:52:25 PM +0200"}
{"level":"info","message":"Success to Get all recycleBins","timestamp":"2022-02-14 07:52:25 PM +0200"}
{"level":"info","message":"Get all RecycleBins","timestamp":"2022-02-14 07:52:31 PM +0200"}
{"level":"info","message":"Success to Get all recycleBins","timestamp":"2022-02-14 07:52:31 PM +0200"}
{"level":"info","message":"Get all Coupons","timestamp":"2022-02-14 07:53:45 PM +0200"}
{"level":"info","message":"Success to Get all coupons","timestamp":"2022-02-14 07:53:45 PM +0200"}
{"level":"info","message":"Get all RecycleBins","timestamp":"2022-02-14 07:53:45 PM +0200"}
{"level":"info","message":"Success to Get all recycleBins","timestamp":"2022-02-14 07:53:45 PM +0200"}
{"level":"info","message":"Get all Coupons","timestamp":"2022-02-14 07:55:36 PM +0200"}
{"level":"info","message":"Success to Get all coupons","timestamp":"2022-02-14 07:55:36 PM +0200"}
{"level":"info","message":"Get all RecycleBins","timestamp":"2022-02-14 07:55:36 PM +0200"}
{"level":"info","message":"Success to Get all recycleBins","timestamp":"2022-02-14 07:55:36 PM +0200"}
{"level":"info","message":"Get all Coupons","timestamp":"2022-02-14 07:55:53 PM +0200"}
{"level":"info","message":"Success to Get all coupons","timestamp":"2022-02-14 07:55:53 PM +0200"}
{"level":"info","message":"Get all RecycleBins","timestamp":"2022-02-14 07:55:53 PM +0200"}
{"level":"info","message":"Success to Get all recycleBins","timestamp":"2022-02-14 07:55:53 PM +0200"}
{"level":"info","message":"Express server is running on port 8000","timestamp":"2022-02-14 07:56:58 PM +0200"}
{"level":"info","message":"DB connected","timestamp":"2022-02-14 07:56:59 PM +0200"}
{"level":"info","message":"Get all Coupons","timestamp":"2022-02-14 07:57:05 PM +0200"}
{"level":"info","message":"Success to Get all coupons","timestamp":"2022-02-14 07:57:06 PM +0200"}
{"level":"info","message":"Get all RecycleBins","timestamp":"2022-02-14 07:57:06 PM +0200"}
{"level":"info","message":"Success to Get all recycleBins","timestamp":"2022-02-14 07:57:06 PM +0200"}
{"level":"info","message":"Express server is running on port 8000","timestamp":"2022-02-14 07:57:31 PM +0200"}
{"level":"info","message":"DB connected","timestamp":"2022-02-14 07:57:32 PM +0200"}
{"level":"info","message":"Get all Coupons","timestamp":"2022-02-14 07:57:33 PM +0200"}
{"level":"info","message":"Success to Get all coupons","timestamp":"2022-02-14 07:57:33 PM +0200"}
{"level":"info","message":"Get all RecycleBins","timestamp":"2022-02-14 07:57:33 PM +0200"}
{"level":"info","message":"Success to Get all recycleBins","timestamp":"2022-02-14 07:57:33 PM +0200"}
{"level":"info","message":"Express server is running on port 8000","timestamp":"2022-02-14 07:57:42 PM +0200"}
{"level":"info","message":"DB connected","timestamp":"2022-02-14 07:57:43 PM +0200"}
{"level":"info","message":"Get all Coupons","timestamp":"2022-02-14 07:57:44 PM +0200"}
{"level":"info","message":"Success to Get all coupons","timestamp":"2022-02-14 07:57:44 PM +0200"}
{"level":"info","message":"Get all RecycleBins","timestamp":"2022-02-14 07:57:44 PM +0200"}
{"level":"info","message":"Success to Get all recycleBins","timestamp":"2022-02-14 07:57:44 PM +0200"}
{"level":"info","message":"Express server is running on port 8000","timestamp":"2022-02-14 07:57:51 PM +0200"}
{"level":"info","message":"DB connected","timestamp":"2022-02-14 07:57:52 PM +0200"}
{"level":"info","message":"Get all Coupons","timestamp":"2022-02-14 07:58:40 PM +0200"}
{"level":"info","message":"Success to Get all coupons","timestamp":"2022-02-14 07:58:40 PM +0200"}
{"level":"info","message":"Get all RecycleBins","timestamp":"2022-02-14 07:58:40 PM +0200"}
{"level":"info","message":"Success to Get all recycleBins","timestamp":"2022-02-14 07:58:40 PM +0200"}
{"level":"info","message":"Express server is running on port 8000","timestamp":"2022-02-14 08:01:54 PM +0200"}
{"level":"info","message":"DB connected","timestamp":"2022-02-14 08:01:55 PM +0200"}
{"level":"info","message":"Express server is running on port 8000","timestamp":"2022-02-14 08:02:18 PM +0200"}
{"level":"info","message":"DB connected","timestamp":"2022-02-14 08:02:19 PM +0200"}
{"level":"info","message":"Express server is running on port 8000","timestamp":"2022-02-14 08:02:25 PM +0200"}
{"level":"info","message":"DB connected","timestamp":"2022-02-14 08:02:26 PM +0200"}
{"level":"info","message":"Get all Coupons","timestamp":"2022-02-14 08:02:29 PM +0200"}
{"level":"info","message":"Success to Get all coupons","timestamp":"2022-02-14 08:02:29 PM +0200"}
{"level":"info","message":"Get all RecycleBins","timestamp":"2022-02-14 08:02:29 PM +0200"}
{"level":"info","message":"Success to Get all recycleBins","timestamp":"2022-02-14 08:02:29 PM +0200"}
{"level":"info","message":"Express server is running on port 8000","timestamp":"2022-02-14 08:02:57 PM +0200"}
{"level":"info","message":"DB connected","timestamp":"2022-02-14 08:02:59 PM +0200"}
{"level":"info","message":"Get all Coupons","timestamp":"2022-02-14 08:02:59 PM +0200"}
{"level":"info","message":"Success to Get all coupons","timestamp":"2022-02-14 08:03:00 PM +0200"}
{"level":"info","message":"Get all RecycleBins","timestamp":"2022-02-14 08:03:00 PM +0200"}
{"level":"info","message":"Success to Get all recycleBins","timestamp":"2022-02-14 08:03:00 PM +0200"}
{"level":"info","message":"Express server is running on port 8000","timestamp":"2022-02-14 08:04:24 PM +0200"}
{"level":"info","message":"DB connected","timestamp":"2022-02-14 08:04:26 PM +0200"}
{"level":"info","message":"Get all Coupons","timestamp":"2022-02-14 08:05:38 PM +0200"}
{"level":"info","message":"Success to Get all coupons","timestamp":"2022-02-14 08:05:38 PM +0200"}
{"level":"info","message":"Get all RecycleBins","timestamp":"2022-02-14 08:05:38 PM +0200"}
{"level":"info","message":"Success to Get all recycleBins","timestamp":"2022-02-14 08:05:39 PM +0200"}
{"level":"info","message":"Get all Coupons","timestamp":"2022-02-14 08:06:14 PM +0200"}
{"level":"info","message":"Success to Get all coupons","timestamp":"2022-02-14 08:06:15 PM +0200"}
{"level":"info","message":"Get all RecycleBins","timestamp":"2022-02-14 08:06:15 PM +0200"}
{"level":"info","message":"Success to Get all recycleBins","timestamp":"2022-02-14 08:06:15 PM +0200"}
{"level":"info","message":"Get all Coupons","timestamp":"2022-02-14 08:06:55 PM +0200"}
{"level":"info","message":"Success to Get all coupons","timestamp":"2022-02-14 08:06:55 PM +0200"}
{"level":"info","message":"Get all RecycleBins","timestamp":"2022-02-14 08:06:55 PM +0200"}
{"level":"info","message":"Success to Get all recycleBins","timestamp":"2022-02-14 08:06:55 PM +0200"}
{"level":"info","message":"Get all Coupons","timestamp":"2022-02-14 08:07:21 PM +0200"}
{"level":"info","message":"Success to Get all coupons","timestamp":"2022-02-14 08:07:21 PM +0200"}
{"level":"info","message":"Get all RecycleBins","timestamp":"2022-02-14 08:07:21 PM +0200"}
{"level":"info","message":"Success to Get all recycleBins","timestamp":"2022-02-14 08:07:21 PM +0200"}
{"level":"info","message":"Get all Coupons","timestamp":"2022-02-14 08:07:26 PM +0200"}
{"level":"info","message":"Success to Get all coupons","timestamp":"2022-02-14 08:07:26 PM +0200"}
{"level":"info","message":"Get all RecycleBins","timestamp":"2022-02-14 08:07:26 PM +0200"}
{"level":"info","message":"Success to Get all recycleBins","timestamp":"2022-02-14 08:07:26 PM +0200"}
{"level":"info","message":"Get all Coupons","timestamp":"2022-02-14 08:09:10 PM +0200"}
{"level":"info","message":"Success to Get all coupons","timestamp":"2022-02-14 08:09:10 PM +0200"}
{"level":"info","message":"Get all RecycleBins","timestamp":"2022-02-14 08:09:10 PM +0200"}
{"level":"info","message":"Success to Get all recycleBins","timestamp":"2022-02-14 08:09:10 PM +0200"}
{"level":"info","message":"Get all Coupons","timestamp":"2022-02-14 08:09:39 PM +0200"}
{"level":"info","message":"Success to Get all coupons","timestamp":"2022-02-14 08:09:39 PM +0200"}
{"level":"info","message":"Get all RecycleBins","timestamp":"2022-02-14 08:09:39 PM +0200"}
{"level":"info","message":"Success to Get all recycleBins","timestamp":"2022-02-14 08:09:39 PM +0200"}
{"level":"info","message":"Get all Coupons","timestamp":"2022-02-14 08:10:45 PM +0200"}
{"level":"info","message":"Success to Get all coupons","timestamp":"2022-02-14 08:10:45 PM +0200"}
{"level":"info","message":"Get all RecycleBins","timestamp":"2022-02-14 08:10:45 PM +0200"}
{"level":"info","message":"Success to Get all recycleBins","timestamp":"2022-02-14 08:10:45 PM +0200"}
{"level":"info","message":"Get all Coupons","timestamp":"2022-02-14 08:12:16 PM +0200"}
{"level":"info","message":"Success to Get all coupons","timestamp":"2022-02-14 08:12:16 PM +0200"}
{"level":"info","message":"Get all RecycleBins","timestamp":"2022-02-14 08:12:16 PM +0200"}
{"level":"info","message":"Success to Get all recycleBins","timestamp":"2022-02-14 08:12:16 PM +0200"}
{"level":"info","message":"Get all Coupons","timestamp":"2022-02-14 08:13:05 PM +0200"}
{"level":"info","message":"Success to Get all coupons","timestamp":"2022-02-14 08:13:05 PM +0200"}
{"level":"info","message":"Get all RecycleBins","timestamp":"2022-02-14 08:13:05 PM +0200"}
{"level":"info","message":"Success to Get all recycleBins","timestamp":"2022-02-14 08:13:05 PM +0200"}
{"level":"info","message":"Get all Coupons","timestamp":"2022-02-14 08:13:44 PM +0200"}
{"level":"info","message":"Success to Get all coupons","timestamp":"2022-02-14 08:13:44 PM +0200"}
{"level":"info","message":"Get all RecycleBins","timestamp":"2022-02-14 08:13:44 PM +0200"}
{"level":"info","message":"Success to Get all recycleBins","timestamp":"2022-02-14 08:13:44 PM +0200"}
{"level":"info","message":"Get all Coupons","timestamp":"2022-02-14 08:14:43 PM +0200"}
{"level":"info","message":"Success to Get all coupons","timestamp":"2022-02-14 08:14:43 PM +0200"}
{"level":"info","message":"Get all RecycleBins","timestamp":"2022-02-14 08:14:43 PM +0200"}
{"level":"info","message":"Success to Get all recycleBins","timestamp":"2022-02-14 08:14:43 PM +0200"}
{"level":"info","message":"Get all Coupons","timestamp":"2022-02-14 08:14:44 PM +0200"}
{"level":"info","message":"Success to Get all coupons","timestamp":"2022-02-14 08:14:44 PM +0200"}
{"level":"info","message":"Get all RecycleBins","timestamp":"2022-02-14 08:14:44 PM +0200"}
{"level":"info","message":"Success to Get all recycleBins","timestamp":"2022-02-14 08:14:44 PM +0200"}
{"level":"info","message":"Updating a coupon","timestamp":"2022-02-14 08:15:15 PM +0200"}
{"level":"info","message":"Updating coupon no:620a4fd5b0cfe5d387a3922f is successfully","timestamp":"2022-02-14 08:15:15 PM +0200"}
{"level":"info","message":"Get all Coupons","timestamp":"2022-02-14 08:16:10 PM +0200"}
{"level":"info","message":"Success to Get all coupons","timestamp":"2022-02-14 08:16:10 PM +0200"}
{"level":"info","message":"Get all RecycleBins","timestamp":"2022-02-14 08:16:10 PM +0200"}
{"level":"info","message":"Success to Get all recycleBins","timestamp":"2022-02-14 08:16:10 PM +0200"}
{"level":"info","message":"Get all Coupons","timestamp":"2022-02-14 08:16:59 PM +0200"}
{"level":"info","message":"Success to Get all coupons","timestamp":"2022-02-14 08:16:59 PM +0200"}
{"level":"info","message":"Get all RecycleBins","timestamp":"2022-02-14 08:16:59 PM +0200"}
{"level":"info","message":"Success to Get all recycleBins","timestamp":"2022-02-14 08:16:59 PM +0200"}
{"level":"info","message":"Add a coupon","timestamp":"2022-02-14 08:18:00 PM +0200"}
{"level":"info","message":"Get all Coupons","timestamp":"2022-02-14 08:19:42 PM +0200"}
{"level":"info","message":"Success to Get all coupons","timestamp":"2022-02-14 08:19:42 PM +0200"}
{"level":"info","message":"Get all RecycleBins","timestamp":"2022-02-14 08:19:42 PM +0200"}
{"level":"info","message":"Success to Get all recycleBins","timestamp":"2022-02-14 08:19:42 PM +0200"}
{"level":"info","message":"Add a coupon","timestamp":"2022-02-14 08:20:06 PM +0200"}
{"level":"info","message":"Adding coupon  :Adidas is successfully","timestamp":"2022-02-14 08:20:06 PM +0200"}
{"level":"info","message":"Delete a coupon","timestamp":"2022-02-14 08:20:31 PM +0200"}
{"level":"info","message":"Get all Coupons","timestamp":"2022-02-14 08:21:23 PM +0200"}
{"level":"info","message":"Success to Get all coupons","timestamp":"2022-02-14 08:21:23 PM +0200"}
{"level":"info","message":"Get all RecycleBins","timestamp":"2022-02-14 08:21:23 PM +0200"}
{"level":"info","message":"Success to Get all recycleBins","timestamp":"2022-02-14 08:21:23 PM +0200"}
{"level":"info","message":"Delete a coupon","timestamp":"2022-02-14 08:21:26 PM +0200"}
{"level":"info","message":"Deleting coupon no:620a9d56203c3228c7526081 is successfully","timestamp":"2022-02-14 08:21:26 PM +0200"}
{"level":"info","message":"Add a coupon","timestamp":"2022-02-14 08:22:05 PM +0200"}
{"level":"info","message":"Adding coupon  :Adidas is successfully","timestamp":"2022-02-14 08:22:05 PM +0200"}
{"level":"info","message":"Delete a coupon","timestamp":"2022-02-14 08:22:18 PM +0200"}
{"level":"info","message":"Deleting coupon no:620a9dcd203c3228c7526094 is successfully","timestamp":"2022-02-14 08:22:18 PM +0200"}
{"level":"info","message":"Add a coupon","timestamp":"2022-02-14 08:22:42 PM +0200"}
{"level":"info","message":"Adding coupon  :Adidas is successfully","timestamp":"2022-02-14 08:22:42 PM +0200"}
{"level":"info","message":"Updating a recycleBin","timestamp":"2022-02-14 08:23:38 PM +0200"}
{"level":"info","message":"Updating RecycleBin no:61c1881cab8730e3df7a3350 is successfully","timestamp":"2022-02-14 08:23:38 PM +0200"}
{"level":"info","message":"Get all Coupons","timestamp":"2022-02-14 08:33:43 PM +0200"}
{"level":"info","message":"Success to Get all coupons","timestamp":"2022-02-14 08:33:43 PM +0200"}
{"level":"info","message":"Get all RecycleBins","timestamp":"2022-02-14 08:33:43 PM +0200"}
{"level":"info","message":"Success to Get all recycleBins","timestamp":"2022-02-14 08:33:43 PM +0200"}
{"level":"info","message":"Get all Coupons","timestamp":"2022-02-14 08:37:55 PM +0200"}
{"level":"info","message":"Success to Get all coupons","timestamp":"2022-02-14 08:37:55 PM +0200"}
{"level":"info","message":"Get all RecycleBins","timestamp":"2022-02-14 08:37:55 PM +0200"}
{"level":"info","message":"Success to Get all recycleBins","timestamp":"2022-02-14 08:37:56 PM +0200"}
{"level":"info","message":"Get all Coupons","timestamp":"2022-02-14 08:38:11 PM +0200"}
{"level":"info","message":"Success to Get all coupons","timestamp":"2022-02-14 08:38:11 PM +0200"}
{"level":"info","message":"Get all RecycleBins","timestamp":"2022-02-14 08:38:11 PM +0200"}
{"level":"info","message":"Success to Get all recycleBins","timestamp":"2022-02-14 08:38:12 PM +0200"}
{"level":"info","message":"Get all Coupons","timestamp":"2022-02-14 08:38:55 PM +0200"}
{"level":"info","message":"Success to Get all coupons","timestamp":"2022-02-14 08:38:55 PM +0200"}
{"level":"info","message":"Get all RecycleBins","timestamp":"2022-02-14 08:38:55 PM +0200"}
{"level":"info","message":"Success to Get all recycleBins","timestamp":"2022-02-14 08:38:56 PM +0200"}
{"level":"info","message":"Add a recycleBin","timestamp":"2022-02-14 08:44:40 PM +0200"}
{"level":"info","message":"Adding RecycleBin in   :[object Object] is successfully","timestamp":"2022-02-14 08:44:40 PM +0200"}
{"level":"info","message":"Get all RecycleBins","timestamp":"2022-02-14 08:44:44 PM +0200"}
{"level":"info","message":"Success to Get all recycleBins","timestamp":"2022-02-14 08:44:44 PM +0200"}
{"level":"info","message":"Updating a recycleBin","timestamp":"2022-02-14 08:47:03 PM +0200"}
{"level":"info","message":"Updating RecycleBin no:620aa318203c3228c75260db is successfully","timestamp":"2022-02-14 08:47:03 PM +0200"}
{"level":"info","message":"Get all RecycleBins","timestamp":"2022-02-14 08:47:08 PM +0200"}
{"level":"info","message":"Success to Get all recycleBins","timestamp":"2022-02-14 08:47:08 PM +0200"}
{"level":"info","message":"Get all Coupons","timestamp":"2022-02-14 08:47:23 PM +0200"}
{"level":"info","message":"Success to Get all coupons","timestamp":"2022-02-14 08:47:23 PM +0200"}
{"level":"info","message":"Get all RecycleBins","timestamp":"2022-02-14 08:47:23 PM +0200"}
{"level":"info","message":"Success to Get all recycleBins","timestamp":"2022-02-14 08:47:23 PM +0200"}
{"level":"info","message":"Delete a RecycleBin","timestamp":"2022-02-14 08:47:25 PM +0200"}
{"level":"info","message":"Deleting RecycleBin no:620aa318203c3228c75260db is successfully","timestamp":"2022-02-14 08:47:25 PM +0200"}
{"level":"info","message":"Get all RecycleBins","timestamp":"2022-02-14 08:47:28 PM +0200"}
{"level":"info","message":"Success to Get all recycleBins","timestamp":"2022-02-14 08:47:28 PM +0200"}
{"level":"info","message":"Get all Coupons","timestamp":"2022-02-14 08:48:02 PM +0200"}
{"level":"info","message":"Success to Get all coupons","timestamp":"2022-02-14 08:48:02 PM +0200"}
{"level":"info","message":"Get all RecycleBins","timestamp":"2022-02-14 08:48:02 PM +0200"}
{"level":"info","message":"Success to Get all recycleBins","timestamp":"2022-02-14 08:48:02 PM +0200"}
{"level":"info","message":"Get all RecycleBins","timestamp":"2022-02-14 09:03:20 PM +0200"}
{"level":"info","message":"Success to Get all recycleBins","timestamp":"2022-02-14 09:03:21 PM +0200"}
{"level":"info","message":"Express server is running on port 8000","timestamp":"2022-02-14 09:04:20 PM +0200"}
{"level":"info","message":"DB connected","timestamp":"2022-02-14 09:04:21 PM +0200"}
{"level":"info","message":"Get all RecycleBins","timestamp":"2022-02-14 09:04:29 PM +0200"}
{"level":"info","message":"Success to Get all recycleBins","timestamp":"2022-02-14 09:04:29 PM +0200"}
{"level":"info","message":"Get all Coupons","timestamp":"2022-02-14 09:04:44 PM +0200"}
{"level":"info","message":"Success to Get all coupons","timestamp":"2022-02-14 09:04:44 PM +0200"}
{"level":"info","message":"Get all Coupons","timestamp":"2022-02-14 09:05:56 PM +0200"}
{"level":"info","message":"Success to Get all coupons","timestamp":"2022-02-14 09:05:56 PM +0200"}
{"level":"info","message":"user signup","timestamp":"2022-02-14 09:06:50 PM +0200"}
{"level":"info","message":"Adding user  :Noor Haj Dawood is successfully","timestamp":"2022-02-14 09:06:51 PM +0200"}
{"level":"info","message":"Get all RecycleBins","timestamp":"2022-02-14 09:07:03 PM +0200"}
{"level":"info","message":"Success to Get all recycleBins","timestamp":"2022-02-14 09:07:04 PM +0200"}
{"level":"info","message":"Get all RecycleBins","timestamp":"2022-02-14 09:07:04 PM +0200"}
{"level":"info","message":"Success to Get all recycleBins","timestamp":"2022-02-14 09:07:04 PM +0200"}
{"level":"info","message":"Get all Coupons","timestamp":"2022-02-14 09:07:25 PM +0200"}
{"level":"info","message":"Success to Get all coupons","timestamp":"2022-02-14 09:07:25 PM +0200"}
{"level":"info","message":"Express server is running on port 8000","timestamp":"2022-02-14 09:09:04 PM +0200"}
{"level":"info","message":"DB connected","timestamp":"2022-02-14 09:09:06 PM +0200"}
{"level":"info","message":"Get all Coupons","timestamp":"2022-02-14 09:09:13 PM +0200"}
{"level":"info","message":"Success to Get all coupons","timestamp":"2022-02-14 09:09:14 PM +0200"}
{"level":"info","message":"Express server is running on port 8000","timestamp":"2022-02-14 09:09:28 PM +0200"}
{"level":"info","message":"DB connected","timestamp":"2022-02-14 09:09:29 PM +0200"}
{"level":"info","message":"Express server is running on port 8000","timestamp":"2022-02-14 09:09:36 PM +0200"}
{"level":"info","message":"DB connected","timestamp":"2022-02-14 09:09:37 PM +0200"}
{"level":"info","message":"Get all Coupons","timestamp":"2022-02-14 09:09:41 PM +0200"}
{"level":"info","message":"Success to Get all coupons","timestamp":"2022-02-14 09:09:41 PM +0200"}
{"level":"info","message":"Express server is running on port 8000","timestamp":"2022-02-14 09:09:52 PM +0200"}
{"level":"info","message":"DB connected","timestamp":"2022-02-14 09:09:53 PM +0200"}
{"level":"info","message":"Get all Coupons","timestamp":"2022-02-14 09:09:57 PM +0200"}
{"level":"info","message":"Success to Get all coupons","timestamp":"2022-02-14 09:09:57 PM +0200"}
{"level":"info","message":"Express server is running on port 8000","timestamp":"2022-02-14 09:11:14 PM +0200"}
{"level":"info","message":"DB connected","timestamp":"2022-02-14 09:11:15 PM +0200"}
{"level":"info","message":"Express server is running on port 8000","timestamp":"2022-02-14 09:12:47 PM +0200"}
{"level":"info","message":"DB connected","timestamp":"2022-02-14 09:12:49 PM +0200"}
{"level":"info","message":"Get all Coupons","timestamp":"2022-02-14 09:15:05 PM +0200"}
{"level":"info","message":"Success to Get all coupons","timestamp":"2022-02-14 09:15:05 PM +0200"}
{"level":"info","message":"Get all Coupons","timestamp":"2022-02-14 09:15:06 PM +0200"}
{"level":"info","message":"Success to Get all coupons","timestamp":"2022-02-14 09:15:06 PM +0200"}
{"level":"info","message":"Get all RecycleBins","timestamp":"2022-02-14 09:15:29 PM +0200"}
{"level":"info","message":"Success to Get all recycleBins","timestamp":"2022-02-14 09:15:29 PM +0200"}
{"level":"info","message":"Get all Coupons","timestamp":"2022-02-14 09:15:35 PM +0200"}
{"level":"info","message":"Get all RecycleBins","timestamp":"2022-02-14 09:15:35 PM +0200"}
{"level":"info","message":"Success to Get all recycleBins","timestamp":"2022-02-14 09:15:35 PM +0200"}
{"level":"info","message":"Success to Get all coupons","timestamp":"2022-02-14 09:15:35 PM +0200"}
{"level":"info","message":"Get all RecycleBins","timestamp":"2022-02-14 09:15:35 PM +0200"}
{"level":"info","message":"Success to Get all recycleBins","timestamp":"2022-02-14 09:15:35 PM +0200"}
{"level":"info","message":"Express server is running on port 8000","timestamp":"2022-02-14 09:18:21 PM +0200"}
{"level":"info","message":"DB connected","timestamp":"2022-02-14 09:18:23 PM +0200"}
{"level":"info","message":"Express server is running on port 8000","timestamp":"2022-02-14 09:22:17 PM +0200"}
{"level":"info","message":"DB connected","timestamp":"2022-02-14 09:22:18 PM +0200"}
{"level":"info","message":"Express server is running on port 8000","timestamp":"2022-02-14 09:23:42 PM +0200"}
{"level":"info","message":"DB connected","timestamp":"2022-02-14 09:23:43 PM +0200"}
{"level":"info","message":"Express server is running on port 8000","timestamp":"2022-02-14 09:23:48 PM +0200"}
{"level":"info","message":"DB connected","timestamp":"2022-02-14 09:23:49 PM +0200"}
{"level":"info","message":"Express server is running on port 8000","timestamp":"2022-02-14 09:24:26 PM +0200"}
{"level":"info","message":"DB connected","timestamp":"2022-02-14 09:24:26 PM +0200"}
{"level":"info","message":"Get all RecycleBins","timestamp":"2022-02-14 09:25:19 PM +0200"}
{"level":"info","message":"Success to Get all recycleBins","timestamp":"2022-02-14 09:25:20 PM +0200"}
{"level":"info","message":"Get all RecycleBins","timestamp":"2022-02-14 09:25:23 PM +0200"}
{"level":"info","message":"Success to Get all recycleBins","timestamp":"2022-02-14 09:25:23 PM +0200"}
{"level":"info","message":"Get all RecycleBins","timestamp":"2022-02-14 09:25:36 PM +0200"}
{"level":"info","message":"Success to Get all recycleBins","timestamp":"2022-02-14 09:25:36 PM +0200"}
{"level":"info","message":"Get all RecycleBins","timestamp":"2022-02-14 09:25:45 PM +0200"}
{"level":"info","message":"Success to Get all recycleBins","timestamp":"2022-02-14 09:25:45 PM +0200"}
{"level":"info","message":"Get all RecycleBins","timestamp":"2022-02-14 09:26:08 PM +0200"}
{"level":"info","message":"Success to Get all recycleBins","timestamp":"2022-02-14 09:26:08 PM +0200"}
{"level":"info","message":"Get all Coupons","timestamp":"2022-02-14 09:26:14 PM +0200"}
{"level":"info","message":"Success to Get all coupons","timestamp":"2022-02-14 09:26:14 PM +0200"}
{"level":"info","message":"Get recycleBin id:61c1881cab8730e3df7a3350","timestamp":"2022-02-14 09:26:38 PM +0200"}
{"level":"info","message":"Add Activity to user 620aa84bd64966d900ebc8a2","timestamp":"2022-02-14 09:26:43 PM +0200"}
{"level":"info","message":"Get recycleBin id:61c1881cab8730e3df7a3350","timestamp":"2022-02-14 09:26:43 PM +0200"}
{"level":"info","message":"Increase current capacity a recycleBin","timestamp":"2022-02-14 09:26:43 PM +0200"}
{"level":"info","message":"Updating user's activities no:620aa84bd64966d900ebc8a2 is successfully","timestamp":"2022-02-14 09:26:43 PM +0200"}
{"level":"info","message":"Get User id:620aa84bd64966d900ebc8a2","timestamp":"2022-02-14 09:26:43 PM +0200"}
{"level":"info","message":"Updating RecycleBin no:61c1881cab8730e3df7a3350 is successfully","timestamp":"2022-02-14 09:26:43 PM +0200"}
{"level":"info","message":"Get all RecycleBins","timestamp":"2022-02-14 09:27:57 PM +0200"}
{"level":"info","message":"Success to Get all recycleBins","timestamp":"2022-02-14 09:27:57 PM +0200"}
{"level":"info","message":"Get all RecycleBins","timestamp":"2022-02-14 09:28:11 PM +0200"}
{"level":"info","message":"Success to Get all recycleBins","timestamp":"2022-02-14 09:28:11 PM +0200"}
{"level":"info","message":"Get all Coupons","timestamp":"2022-02-14 09:28:45 PM +0200"}
{"level":"info","message":"Success to Get all coupons","timestamp":"2022-02-14 09:28:45 PM +0200"}
{"level":"info","message":"Get all Coupons","timestamp":"2022-02-14 09:28:47 PM +0200"}
{"level":"info","message":"Success to Get all coupons","timestamp":"2022-02-14 09:28:48 PM +0200"}
{"level":"info","message":"Add Coupon to user 620aa84bd64966d900ebc8a2","timestamp":"2022-02-14 09:28:49 PM +0200"}
{"level":"info","message":"Add Coupon to user 620aa84bd64966d900ebc8a2","timestamp":"2022-02-14 09:28:51 PM +0200"}
{"level":"info","message":"Add Coupon to user 620aa84bd64966d900ebc8a2","timestamp":"2022-02-14 09:28:52 PM +0200"}
{"level":"info","message":"Get recycleBin id:61c187ffab8730e3df7a334d","timestamp":"2022-02-14 09:29:08 PM +0200"}
{"level":"info","message":"Get recycleBin id:61c1881cab8730e3df7a3350","timestamp":"2022-02-14 09:29:14 PM +0200"}
{"level":"info","message":"Get recycleBin id:61c187ffab8730e3df7a334d","timestamp":"2022-02-14 09:29:20 PM +0200"}
{"level":"info","message":"Add Activity to user 620aa84bd64966d900ebc8a2","timestamp":"2022-02-14 09:29:22 PM +0200"}
{"level":"info","message":"Get recycleBin id:61c187ffab8730e3df7a334d","timestamp":"2022-02-14 09:29:22 PM +0200"}
{"level":"info","message":"Increase current capacity a recycleBin","timestamp":"2022-02-14 09:29:22 PM +0200"}
{"level":"info","message":"Updating user's activities no:620aa84bd64966d900ebc8a2 is successfully","timestamp":"2022-02-14 09:29:22 PM +0200"}
{"level":"info","message":"Get User id:620aa84bd64966d900ebc8a2","timestamp":"2022-02-14 09:29:22 PM +0200"}
{"level":"info","message":"Updating RecycleBin no:61c187ffab8730e3df7a334d is successfully","timestamp":"2022-02-14 09:29:23 PM +0200"}
{"level":"info","message":"Get recycleBin id:61c193d267c2cf959cc55970","timestamp":"2022-02-14 09:29:30 PM +0200"}
{"level":"info","message":"Add Activity to user 620aa84bd64966d900ebc8a2","timestamp":"2022-02-14 09:29:33 PM +0200"}
{"level":"info","message":"Get recycleBin id:61c193d267c2cf959cc55970","timestamp":"2022-02-14 09:29:33 PM +0200"}
{"level":"info","message":"Increase current capacity a recycleBin","timestamp":"2022-02-14 09:29:33 PM +0200"}
{"level":"info","message":"Updating user's activities no:620aa84bd64966d900ebc8a2 is successfully","timestamp":"2022-02-14 09:29:33 PM +0200"}
{"level":"info","message":"Get User id:620aa84bd64966d900ebc8a2","timestamp":"2022-02-14 09:29:33 PM +0200"}
{"level":"info","message":"Updating RecycleBin no:61c193d267c2cf959cc55970 is successfully","timestamp":"2022-02-14 09:29:33 PM +0200"}
{"level":"info","message":"Get recycleBin id:61c187a6ab8730e3df7a3348","timestamp":"2022-02-14 09:29:41 PM +0200"}
{"level":"info","message":"Add Activity to user 620aa84bd64966d900ebc8a2","timestamp":"2022-02-14 09:29:43 PM +0200"}
{"level":"info","message":"Get recycleBin id:61c187a6ab8730e3df7a3348","timestamp":"2022-02-14 09:29:43 PM +0200"}
{"level":"info","message":"Increase current capacity a recycleBin","timestamp":"2022-02-14 09:29:43 PM +0200"}
{"level":"info","message":"Updating user's activities no:620aa84bd64966d900ebc8a2 is successfully","timestamp":"2022-02-14 09:29:43 PM +0200"}
{"level":"info","message":"Get User id:620aa84bd64966d900ebc8a2","timestamp":"2022-02-14 09:29:43 PM +0200"}
{"level":"info","message":"Updating RecycleBin no:61c187a6ab8730e3df7a3348 is successfully","timestamp":"2022-02-14 09:29:43 PM +0200"}
{"level":"info","message":"Get recycleBin id:61c187a6ab8730e3df7a3348","timestamp":"2022-02-14 09:29:55 PM +0200"}
{"level":"info","message":"Get recycleBin id:61c187a6ab8730e3df7a3348","timestamp":"2022-02-14 09:29:59 PM +0200"}
{"level":"info","message":"Get all RecycleBins","timestamp":"2022-02-14 09:36:39 PM +0200"}
{"level":"info","message":"Success to Get all recycleBins","timestamp":"2022-02-14 09:36:39 PM +0200"}
{"level":"info","message":"Get all RecycleBins","timestamp":"2022-02-14 09:36:42 PM +0200"}
{"level":"info","message":"Success to Get all recycleBins","timestamp":"2022-02-14 09:36:43 PM +0200"}
{"level":"info","message":"Get all RecycleBins","timestamp":"2022-02-14 09:38:38 PM +0200"}
{"level":"info","message":"Success to Get all recycleBins","timestamp":"2022-02-14 09:38:38 PM +0200"}
{"level":"info","message":"Get all RecycleBins","timestamp":"2022-02-14 09:38:45 PM +0200"}
{"level":"info","message":"Success to Get all recycleBins","timestamp":"2022-02-14 09:38:45 PM +0200"}
{"level":"info","message":"Get all RecycleBins","timestamp":"2022-02-14 09:39:16 PM +0200"}
{"level":"info","message":"Success to Get all recycleBins","timestamp":"2022-02-14 09:39:16 PM +0200"}
{"level":"info","message":"Get all RecycleBins","timestamp":"2022-02-14 09:39:30 PM +0200"}
{"level":"info","message":"Success to Get all recycleBins","timestamp":"2022-02-14 09:39:30 PM +0200"}
{"level":"info","message":"Get all RecycleBins","timestamp":"2022-02-14 09:41:11 PM +0200"}
{"level":"info","message":"Success to Get all recycleBins","timestamp":"2022-02-14 09:41:11 PM +0200"}
{"level":"info","message":"Get all Coupons","timestamp":"2022-02-14 09:44:13 PM +0200"}
{"level":"info","message":"Get all RecycleBins","timestamp":"2022-02-14 09:44:13 PM +0200"}
{"level":"info","message":"Success to Get all recycleBins","timestamp":"2022-02-14 09:44:13 PM +0200"}
{"level":"info","message":"Success to Get all coupons","timestamp":"2022-02-14 09:44:13 PM +0200"}
{"level":"info","message":"Get all RecycleBins","timestamp":"2022-02-14 09:44:13 PM +0200"}
{"level":"info","message":"Success to Get all recycleBins","timestamp":"2022-02-14 09:44:13 PM +0200"}
{"level":"info","message":"Get all Coupons","timestamp":"2022-02-14 09:44:15 PM +0200"}
{"level":"info","message":"Get all RecycleBins","timestamp":"2022-02-14 09:44:15 PM +0200"}
{"level":"info","message":"Success to Get all recycleBins","timestamp":"2022-02-14 09:44:15 PM +0200"}
{"level":"info","message":"Success to Get all coupons","timestamp":"2022-02-14 09:44:16 PM +0200"}
{"level":"info","message":"Get all RecycleBins","timestamp":"2022-02-14 09:44:16 PM +0200"}
{"level":"info","message":"Success to Get all recycleBins","timestamp":"2022-02-14 09:44:16 PM +0200"}
{"level":"info","message":"Get all RecycleBins","timestamp":"2022-02-14 09:44:24 PM +0200"}
{"level":"info","message":"Success to Get all recycleBins","timestamp":"2022-02-14 09:44:24 PM +0200"}
{"level":"info","message":"Get all RecycleBins","timestamp":"2022-02-14 09:44:49 PM +0200"}
{"level":"info","message":"Success to Get all recycleBins","timestamp":"2022-02-14 09:44:49 PM +0200"}
{"level":"info","message":"Get all RecycleBins","timestamp":"2022-02-14 09:44:57 PM +0200"}
{"level":"info","message":"Success to Get all recycleBins","timestamp":"2022-02-14 09:44:57 PM +0200"}
{"level":"info","message":"Get all RecycleBins","timestamp":"2022-02-14 09:44:57 PM +0200"}
{"level":"info","message":"Success to Get all recycleBins","timestamp":"2022-02-14 09:44:57 PM +0200"}
{"level":"info","message":"Get all Coupons","timestamp":"2022-02-14 09:44:59 PM +0200"}
{"level":"info","message":"Success to Get all coupons","timestamp":"2022-02-14 09:44:59 PM +0200"}
{"level":"info","message":"Get all RecycleBins","timestamp":"2022-02-14 09:45:00 PM +0200"}
{"level":"info","message":"Success to Get all recycleBins","timestamp":"2022-02-14 09:45:00 PM +0200"}
{"level":"info","message":"Updating a recycleBin","timestamp":"2022-02-14 09:45:26 PM +0200"}
{"level":"info","message":"Updating RecycleBin no:61c1881cab8730e3df7a3350 is successfully","timestamp":"2022-02-14 09:45:26 PM +0200"}
{"level":"info","message":"Get all RecycleBins","timestamp":"2022-02-14 09:45:33 PM +0200"}
{"level":"info","message":"Success to Get all recycleBins","timestamp":"2022-02-14 09:45:33 PM +0200"}
{"level":"info","message":"Add a recycleBin","timestamp":"2022-02-14 09:46:51 PM +0200"}
{"level":"info","message":"Adding RecycleBin in   :[object Object] is successfully","timestamp":"2022-02-14 09:46:51 PM +0200"}
{"level":"info","message":"Get all RecycleBins","timestamp":"2022-02-14 09:46:54 PM +0200"}
{"level":"info","message":"Success to Get all recycleBins","timestamp":"2022-02-14 09:46:54 PM +0200"}
{"level":"info","message":"Get all RecycleBins","timestamp":"2022-02-14 09:48:47 PM +0200"}
{"level":"info","message":"Success to Get all recycleBins","timestamp":"2022-02-14 09:48:47 PM +0200"}
{"level":"info","message":"Get all Coupons","timestamp":"2022-02-14 09:49:02 PM +0200"}
{"level":"info","message":"Success to Get all coupons","timestamp":"2022-02-14 09:49:02 PM +0200"}
{"level":"info","message":"Get all RecycleBins","timestamp":"2022-02-14 09:49:02 PM +0200"}
{"level":"info","message":"Success to Get all recycleBins","timestamp":"2022-02-14 09:49:02 PM +0200"}
{"level":"info","message":"Updating a recycleBin","timestamp":"2022-02-14 09:49:08 PM +0200"}
{"level":"info","message":"Updating RecycleBin no:620ab1ab13120aa5c7382ca3 is successfully","timestamp":"2022-02-14 09:49:08 PM +0200"}
{"level":"info","message":"Updating a recycleBin","timestamp":"2022-02-14 09:49:15 PM +0200"}
{"level":"info","message":"Updating RecycleBin no:620ab1ab13120aa5c7382ca3 is successfully","timestamp":"2022-02-14 09:49:15 PM +0200"}
{"level":"info","message":"Add a recycleBin","timestamp":"2022-02-14 09:49:35 PM +0200"}
{"level":"info","message":"Adding RecycleBin in   :[object Object] is successfully","timestamp":"2022-02-14 09:49:35 PM +0200"}
{"level":"info","message":"Get all RecycleBins","timestamp":"2022-02-14 09:49:38 PM +0200"}
{"level":"info","message":"Success to Get all recycleBins","timestamp":"2022-02-14 09:49:38 PM +0200"}
{"level":"info","message":"Delete a RecycleBin","timestamp":"2022-02-14 09:49:43 PM +0200"}
{"level":"info","message":"Deleting RecycleBin no:620ab24f13120aa5c7382cd1 is successfully","timestamp":"2022-02-14 09:49:43 PM +0200"}
{"level":"info","message":"Get all RecycleBins","timestamp":"2022-02-14 09:49:46 PM +0200"}
{"level":"info","message":"Success to Get all recycleBins","timestamp":"2022-02-14 09:49:46 PM +0200"}
{"level":"info","message":"Add a coupon","timestamp":"2022-02-14 09:51:35 PM +0200"}
{"level":"info","message":"Adding coupon  :Steam is successfully","timestamp":"2022-02-14 09:51:35 PM +0200"}
{"level":"info","message":"Get all Coupons","timestamp":"2022-02-14 09:51:48 PM +0200"}
{"level":"info","message":"Success to Get all coupons","timestamp":"2022-02-14 09:51:49 PM +0200"}
{"level":"info","message":"Add a coupon","timestamp":"2022-02-14 09:52:17 PM +0200"}
{"level":"info","message":"Adding coupon  :asdasd is successfully","timestamp":"2022-02-14 09:52:17 PM +0200"}
{"level":"info","message":"Get all Coupons","timestamp":"2022-02-14 09:52:21 PM +0200"}
{"level":"info","message":"Success to Get all coupons","timestamp":"2022-02-14 09:52:21 PM +0200"}
{"level":"info","message":"Delete a coupon","timestamp":"2022-02-14 09:52:23 PM +0200"}
{"level":"info","message":"Deleting coupon no:620ab2f113120aa5c7382cf9 is successfully","timestamp":"2022-02-14 09:52:23 PM +0200"}
{"level":"info","message":"Get all Coupons","timestamp":"2022-02-14 09:52:26 PM +0200"}
{"level":"info","message":"Success to Get all coupons","timestamp":"2022-02-14 09:52:26 PM +0200"}
{"level":"info","message":"Get all Coupons","timestamp":"2022-02-14 09:53:40 PM +0200"}
{"level":"info","message":"Success to Get all coupons","timestamp":"2022-02-14 09:53:40 PM +0200"}
{"level":"info","message":"Get all RecycleBins","timestamp":"2022-02-14 09:53:40 PM +0200"}
{"level":"info","message":"Success to Get all recycleBins","timestamp":"2022-02-14 09:53:40 PM +0200"}
{"level":"info","message":"Get all Coupons","timestamp":"2022-02-14 09:55:06 PM +0200"}
{"level":"info","message":"Success to Get all coupons","timestamp":"2022-02-14 09:55:06 PM +0200"}
{"level":"info","message":"Get all RecycleBins","timestamp":"2022-02-14 09:56:27 PM +0200"}
{"level":"info","message":"Success to Get all recycleBins","timestamp":"2022-02-14 09:56:27 PM +0200"}
{"level":"info","message":"Get all RecycleBins","timestamp":"2022-02-14 09:56:27 PM +0200"}
{"level":"info","message":"Success to Get all recycleBins","timestamp":"2022-02-14 09:56:27 PM +0200"}
{"level":"info","message":"Express server is running on port 8000","timestamp":"2022-02-14 09:57:21 PM +0200"}
{"level":"info","message":"DB connected","timestamp":"2022-02-14 09:57:22 PM +0200"}
{"level":"info","message":"Express server is running on port 8000","timestamp":"2022-02-14 09:58:48 PM +0200"}
{"level":"info","message":"DB connected","timestamp":"2022-02-14 09:58:49 PM +0200"}
{"level":"info","message":"Get all RecycleBins","timestamp":"2022-02-14 09:58:54 PM +0200"}
{"level":"info","message":"Success to Get all recycleBins","timestamp":"2022-02-14 09:58:54 PM +0200"}
{"level":"info","message":"Get all RecycleBins","timestamp":"2022-02-14 09:58:54 PM +0200"}
{"level":"info","message":"Success to Get all recycleBins","timestamp":"2022-02-14 09:58:54 PM +0200"}
{"level":"info","message":"Get all RecycleBins","timestamp":"2022-02-14 09:59:02 PM +0200"}
{"level":"info","message":"Success to Get all recycleBins","timestamp":"2022-02-14 09:59:02 PM +0200"}
{"level":"info","message":"Get all RecycleBins","timestamp":"2022-02-14 09:59:03 PM +0200"}
{"level":"info","message":"Success to Get all recycleBins","timestamp":"2022-02-14 09:59:03 PM +0200"}
{"level":"info","message":"Express server is running on port 8000","timestamp":"2022-02-14 09:59:13 PM +0200"}
{"level":"info","message":"DB connected","timestamp":"2022-02-14 09:59:14 PM +0200"}
{"level":"info","message":"Express server is running on port 8000","timestamp":"2022-02-14 09:59:25 PM +0200"}
{"level":"info","message":"DB connected","timestamp":"2022-02-14 09:59:26 PM +0200"}
{"level":"info","message":"Get all RecycleBins","timestamp":"2022-02-14 09:59:33 PM +0200"}
{"level":"info","message":"Success to Get all recycleBins","timestamp":"2022-02-14 09:59:33 PM +0200"}
{"level":"info","message":"Get all RecycleBins","timestamp":"2022-02-14 09:59:33 PM +0200"}
{"level":"info","message":"Success to Get all recycleBins","timestamp":"2022-02-14 09:59:33 PM +0200"}
{"level":"info","message":"Express server is running on port 8000","timestamp":"2022-02-14 10:00:26 PM +0200"}
{"level":"info","message":"DB connected","timestamp":"2022-02-14 10:00:27 PM +0200"}
